This is pdfTeX, Version 3.14159265-2.6-1.40.16 (TeX Live 2015) (preloaded format=pdflatex 2015.5.24)  21 MAR 2016 18:51
entering extended mode
 restricted \write18 enabled.
 %&-line parsing enabled.
**"journal_Sub - Mai Motivation.tex"
(./journal_Sub - Mai Motivation.tex
LaTeX2e <2015/01/01>
Babel <3.9l> and hyphenation patterns for 79 languages loaded.
(/usr/local/texlive/2015/texmf-dist/tex/latex/base/article.cls
Document Class: article 2014/09/29 v1.4h Standard LaTeX document class
(/usr/local/texlive/2015/texmf-dist/tex/latex/base/size12.clo
File: size12.clo 2014/09/29 v1.4h Standard LaTeX file (size option)
)
\c@part=\count79
\c@section=\count80
\c@subsection=\count81
\c@subsubsection=\count82
\c@paragraph=\count83
\c@subparagraph=\count84
\c@figure=\count85
\c@table=\count86
\abovecaptionskip=\skip41
\belowcaptionskip=\skip42
\bibindent=\dimen102
)
(/usr/local/texlive/2015/texmf-dist/tex/latex/graphics/graphicx.sty
Package: graphicx 2014/10/28 v1.0g Enhanced LaTeX Graphics (DPC,SPQR)

(/usr/local/texlive/2015/texmf-dist/tex/latex/graphics/keyval.sty
Package: keyval 2014/10/28 v1.15 key=value parser (DPC)
\KV@toks@=\toks14
)
(/usr/local/texlive/2015/texmf-dist/tex/latex/graphics/graphics.sty
Package: graphics 2014/10/28 v1.0p Standard LaTeX Graphics (DPC,SPQR)

(/usr/local/texlive/2015/texmf-dist/tex/latex/graphics/trig.sty
Package: trig 1999/03/16 v1.09 sin cos tan (DPC)
)
(/usr/local/texlive/2015/texmf-dist/tex/latex/latexconfig/graphics.cfg
File: graphics.cfg 2010/04/23 v1.9 graphics configuration of TeX Live
)
Package graphics Info: Driver file: pdftex.def on input line 94.

(/usr/local/texlive/2015/texmf-dist/tex/latex/pdftex-def/pdftex.def
File: pdftex.def 2011/05/27 v0.06d Graphics/color for pdfTeX

(/usr/local/texlive/2015/texmf-dist/tex/generic/oberdiek/infwarerr.sty
Package: infwarerr 2010/04/08 v1.3 Providing info/warning/error messages (HO)
)
(/usr/local/texlive/2015/texmf-dist/tex/generic/oberdiek/ltxcmds.sty
Package: ltxcmds 2011/11/09 v1.22 LaTeX kernel commands for general use (HO)
)
\Gread@gobject=\count87
))
\Gin@req@height=\dimen103
\Gin@req@width=\dimen104
)
(/usr/local/texlive/2015/texmf-dist/tex/latex/amsmath/amsmath.sty
Package: amsmath 2013/01/14 v2.14 AMS math features
\@mathmargin=\skip43

For additional information on amsmath, use the `?' option.
(/usr/local/texlive/2015/texmf-dist/tex/latex/amsmath/amstext.sty
Package: amstext 2000/06/29 v2.01

(/usr/local/texlive/2015/texmf-dist/tex/latex/amsmath/amsgen.sty
File: amsgen.sty 1999/11/30 v2.0
\@emptytoks=\toks15
\ex@=\dimen105
))
(/usr/local/texlive/2015/texmf-dist/tex/latex/amsmath/amsbsy.sty
Package: amsbsy 1999/11/29 v1.2d
\pmbraise@=\dimen106
)
(/usr/local/texlive/2015/texmf-dist/tex/latex/amsmath/amsopn.sty
Package: amsopn 1999/12/14 v2.01 operator names
)
\inf@bad=\count88
LaTeX Info: Redefining \frac on input line 210.
\uproot@=\count89
\leftroot@=\count90
LaTeX Info: Redefining \overline on input line 306.
\classnum@=\count91
\DOTSCASE@=\count92
LaTeX Info: Redefining \ldots on input line 378.
LaTeX Info: Redefining \dots on input line 381.
LaTeX Info: Redefining \cdots on input line 466.
\Mathstrutbox@=\box26
\strutbox@=\box27
\big@size=\dimen107
LaTeX Font Info:    Redeclaring font encoding OML on input line 566.
LaTeX Font Info:    Redeclaring font encoding OMS on input line 567.
\macc@depth=\count93
\c@MaxMatrixCols=\count94
\dotsspace@=\muskip10
\c@parentequation=\count95
\dspbrk@lvl=\count96
\tag@help=\toks16
\row@=\count97
\column@=\count98
\maxfields@=\count99
\andhelp@=\toks17
\eqnshift@=\dimen108
\alignsep@=\dimen109
\tagshift@=\dimen110
\tagwidth@=\dimen111
\totwidth@=\dimen112
\lineht@=\dimen113
\@envbody=\toks18
\multlinegap=\skip44
\multlinetaggap=\skip45
\mathdisplay@stack=\toks19
LaTeX Info: Redefining \[ on input line 2665.
LaTeX Info: Redefining \] on input line 2666.
)
(/usr/local/texlive/2015/texmf-dist/tex/latex/oberdiek/epstopdf.sty
Package: epstopdf 2010/02/09 v2.5 Conversion with epstopdf on the fly (HO)

(/usr/local/texlive/2015/texmf-dist/tex/latex/oberdiek/epstopdf-base.sty
Package: epstopdf-base 2010/02/09 v2.5 Base part for package epstopdf

(/usr/local/texlive/2015/texmf-dist/tex/latex/oberdiek/grfext.sty
Package: grfext 2010/08/19 v1.1 Manage graphics extensions (HO)

(/usr/local/texlive/2015/texmf-dist/tex/generic/oberdiek/kvdefinekeys.sty
Package: kvdefinekeys 2011/04/07 v1.3 Define keys (HO)
))
(/usr/local/texlive/2015/texmf-dist/tex/latex/oberdiek/kvoptions.sty
Package: kvoptions 2011/06/30 v3.11 Key value format for package options (HO)

(/usr/local/texlive/2015/texmf-dist/tex/generic/oberdiek/kvsetkeys.sty
Package: kvsetkeys 2012/04/25 v1.16 Key value parser (HO)

(/usr/local/texlive/2015/texmf-dist/tex/generic/oberdiek/etexcmds.sty
Package: etexcmds 2011/02/16 v1.5 Avoid name clashes with e-TeX commands (HO)

(/usr/local/texlive/2015/texmf-dist/tex/generic/oberdiek/ifluatex.sty
Package: ifluatex 2010/03/01 v1.3 Provides the ifluatex switch (HO)
Package ifluatex Info: LuaTeX not detected.
)
Package etexcmds Info: Could not find \expanded.
(etexcmds)             That can mean that you are not using pdfTeX 1.50 or
(etexcmds)             that some package has redefined \expanded.
(etexcmds)             In the latter case, load this package earlier.
)))
(/usr/local/texlive/2015/texmf-dist/tex/generic/oberdiek/pdftexcmds.sty
Package: pdftexcmds 2011/11/29 v0.20 Utility functions of pdfTeX for LuaTeX (HO
)

(/usr/local/texlive/2015/texmf-dist/tex/generic/oberdiek/ifpdf.sty
Package: ifpdf 2011/01/30 v2.3 Provides the ifpdf switch (HO)
Package ifpdf Info: pdfTeX in PDF mode is detected.
)
Package pdftexcmds Info: LuaTeX not detected.
Package pdftexcmds Info: \pdf@primitive is available.
Package pdftexcmds Info: \pdf@ifprimitive is available.
Package pdftexcmds Info: \pdfdraftmode found.
)
Package grfext Info: Graphics extension search list:
(grfext)             [.png,.pdf,.jpg,.mps,.jpeg,.jbig2,.jb2,.PNG,.PDF,.JPG,.JPE
G,.JBIG2,.JB2,.eps]
(grfext)             \AppendGraphicsExtensions on input line 452.

(/usr/local/texlive/2015/texmf-dist/tex/latex/latexconfig/epstopdf-sys.cfg
File: epstopdf-sys.cfg 2010/07/13 v1.3 Configuration of (r)epstopdf for TeX Liv
e
)))
(/usr/local/texlive/2015/texmf-dist/tex/latex/floatrow/floatrow.sty
Package: floatrow 2008/08/02 v0.3b floatrow: float package extension

(/usr/local/texlive/2015/texmf-dist/tex/latex/caption/caption3.sty
Package: caption3 2013/05/02 v1.6-88 caption3 kernel (AR)
Package caption3 Info: TeX engine: e-TeX on input line 57.
\captionmargin=\dimen114
\captionmargin@=\dimen115
\captionwidth=\dimen116
\caption@tempdima=\dimen117
\caption@indent=\dimen118
\caption@parindent=\dimen119
\caption@hangindent=\dimen120
)
\c@float@type=\count100
\float@exts=\toks20
\float@box=\box28
\@floatcapt=\box29
Package floatrow Info: Modified float package code loaded on input line 455.
Package floatrow Info: Modified rotfloat package code loaded on input line 473.

\FR@everyfloat=\toks21
\flrow@foot=\insert233
\FB@wd=\dimen121
\FBo@wd=\dimen122
\FBc@wd=\dimen123
\FBo@ht=\skip46
\FBc@ht=\skip47
\FBf@ht=\skip48
\FBo@max=\skip49
\FBc@max=\skip50
\FBf@max=\skip51
\c@FBl@b=\count101
\floatbox@depth=\count102
\c@FRobj=\count103
\c@FRsobj=\count104
\Xhsize=\skip52
\sXhsize=\skip53
\Zhsize=\skip54
\sZhsize=\skip55
\flrow@rowbox=\box30
\FR@Zunitlength=\dimen124
\c@FBcnt=\count105
\FPOScnt=\count106
\LTleft=\skip56
\LTright=\skip57
\LTleft=\skip58
\LTright=\skip59
\flrow@types=\toks22
)
(/usr/local/texlive/2015/texmf-dist/tex/latex/base/fontenc.sty
Package: fontenc 2005/09/27 v1.99g Standard LaTeX package

(/usr/local/texlive/2015/texmf-dist/tex/latex/base/t1enc.def
File: t1enc.def 2005/09/27 v1.99g Standard LaTeX file
LaTeX Font Info:    Redeclaring font encoding T1 on input line 48.
))
(/usr/local/texlive/2015/texmf-dist/tex/latex/amscls/amsthm.sty
Package: amsthm 2015/03/04 v2.20.2
\thm@style=\toks23
\thm@bodyfont=\toks24
\thm@headfont=\toks25
\thm@notefont=\toks26
\thm@headpunct=\toks27
\thm@preskip=\skip60
\thm@postskip=\skip61
\thm@headsep=\skip62
\dth@everypar=\toks28
)
(/usr/local/texlive/2015/texmf-dist/tex/latex/cite/cite.sty
LaTeX Info: Redefining \cite on input line 302.
LaTeX Info: Redefining \nocite on input line 332.
Package: cite 2015/02/27  v 5.5
)
(/usr/local/texlive/2015/texmf-dist/tex/latex/filecontents/filecontents.sty
Package: filecontents 2011/10/08 v1.3 Create an external file from within a LaT
eX document
)
(/usr/local/texlive/2015/texmf-dist/tex/latex/base/fix-cm.sty
Package: fix-cm 2015/01/14 v1.1t fixes to LaTeX

(/usr/local/texlive/2015/texmf-dist/tex/latex/base/ts1enc.def
File: ts1enc.def 2001/06/05 v3.0e (jk/car/fm) Standard LaTeX file
))
\c@theorem=\count107
\c@thm=\count108
\c@defn=\count109


LaTeX Warning: Unused global option(s):
    [epsf].

(./journal_Sub - Mai Motivation.aux)
\openout1 = `"journal_Sub - Mai Motivation.aux"'.

LaTeX Font Info:    Checking defaults for OML/cmm/m/it on input line 46.
LaTeX Font Info:    ... okay on input line 46.
LaTeX Font Info:    Checking defaults for T1/cmr/m/n on input line 46.
LaTeX Font Info:    ... okay on input line 46.
LaTeX Font Info:    Checking defaults for OT1/cmr/m/n on input line 46.
LaTeX Font Info:    ... okay on input line 46.
LaTeX Font Info:    Checking defaults for OMS/cmsy/m/n on input line 46.
LaTeX Font Info:    ... okay on input line 46.
LaTeX Font Info:    Checking defaults for OMX/cmex/m/n on input line 46.
LaTeX Font Info:    ... okay on input line 46.
LaTeX Font Info:    Checking defaults for U/cmr/m/n on input line 46.
LaTeX Font Info:    ... okay on input line 46.
LaTeX Font Info:    Checking defaults for TS1/cmr/m/n on input line 46.
LaTeX Font Info:    ... okay on input line 46.

(/usr/local/texlive/2015/texmf-dist/tex/context/base/supp-pdf.mkii
[Loading MPS to PDF converter (version 2006.09.02).]
\scratchcounter=\count110
\scratchdimen=\dimen125
\scratchbox=\box31
\nofMPsegments=\count111
\nofMParguments=\count112
\everyMPshowfont=\toks29
\MPscratchCnt=\count113
\MPscratchDim=\dimen126
\MPnumerator=\count114
\makeMPintoPDFobject=\count115
\everyMPtoPDFconversion=\toks30
)
Package caption Info: Begin \AtBeginDocument code.
Package caption Info: End \AtBeginDocument code.
 (/usr/local/texlive/2015/texmf-dist/tex/latex/graphics/color.sty
Package: color 2014/10/28 v1.1a Standard LaTeX Color (DPC)

(/usr/local/texlive/2015/texmf-dist/tex/latex/latexconfig/color.cfg
File: color.cfg 2007/01/18 v1.5 color configuration of teTeX/TeXLive
)
Package color Info: Driver file: pdftex.def on input line 142.
)
LaTeX Font Info:    Try loading font information for OMS+cmr on input line 65.

(/usr/local/texlive/2015/texmf-dist/tex/latex/base/omscmr.fd
File: omscmr.fd 2014/09/29 v2.5h Standard LaTeX font definitions
)
LaTeX Font Info:    Font shape `OMS/cmr/m/n' in size <14.4> not available
(Font)              Font shape `OMS/cmsy/m/n' tried instead on input line 65.
LaTeX Font Info:    Font shape `OMS/cmr/m/n' in size <7> not available
(Font)              Font shape `OMS/cmsy/m/n' tried instead on input line 65.
 [1

{/usr/local/texlive/2015/texmf-var/fonts/map/pdftex/updmap/pdftex.map}] [2] [3]
 [4] [5]
[6]
Overfull \hbox (1.60323pt too wide) in paragraph at lines 315--321
[][]$ \T1/cmr/m/n/12 where $\OML/cmm/m/it/12 H\OT1/cmr/m/n/12 (\OML/cmm/m/it/12
 A; B\OT1/cmr/m/n/12 ) \OMS/cmsy/m/n/12 2 \OT1/cmr/m/n/12 [0\OML/cmm/m/it/12 ; 
\OT1/cmr/m/n/12 1]$ \T1/cmr/m/n/12 and sim-i-lar-ity can be eas-ily de-fined as
 $\OML/cmm/m/it/12 Sim[]\OT1/cmr/m/n/12 (\OML/cmm/m/it/12 A; B\OT1/cmr/m/n/12 )
 =
 []

[7]
Package epstopdf Info: Source file: <User2.eps>
(epstopdf)                    date: 2013-11-25 00:58:58
(epstopdf)                    size: 1435159 bytes
(epstopdf)             Output file: <User2-eps-converted-to.pdf>
(epstopdf)                    date: 2013-11-25 01:02:42
(epstopdf)                    size: 8985 bytes
(epstopdf)             Command: <repstopdf --outfile=User2-eps-converted-to.pdf
 User2.eps>
(epstopdf)             \includegraphics on input line 393.
Package epstopdf Info: Output file is already uptodate.
 <User2-eps-converted-to.pdf, id=39, 421.575pt x 316.18124pt>
File: User2-eps-converted-to.pdf Graphic file (type pdf)

<use User2-eps-converted-to.pdf>
Package pdftex.def Info: User2-eps-converted-to.pdf used on input line 393.
(pdftex.def)             Requested size: 327.21255pt x 142.26576pt.
 [8]
<scatter.png, id=43, 831.105pt x 298.86656pt>
File: scatter.png Graphic file (type png)
 <use scatter.png>
Package pdftex.def Info: scatter.png used on input line 411.
(pdftex.def)             Requested size: 341.42738pt x 150.801pt.
 [9 <./User2-eps-converted-to.pdf> <./scatter.png>] [10] [11]
LaTeX Font Info:    Font shape `OMS/cmr/m/n' in size <12> not available
(Font)              Font shape `OMS/cmsy/m/n' tried instead on input line 539.
 [12] [13]
<figures_png/vennSimple.png, id=65, 196.93575pt x 155.98276pt>
File: figures_png/vennSimple.png Graphic file (type png)

<use figures_png/vennSimple.png>
Package pdftex.def Info: figures_png/vennSimple.png used on input line 623.
(pdftex.def)             Requested size: 184.95433pt x 142.27536pt.
 [14] [15 <./figures_png/vennSimple.png>]
[16] [17] [18]
Overfull \hbox (3.5909pt too wide) in paragraph at lines 802--804
\T1/cmr/m/n/12 Similarly, the com-mu-ni-ca-tion over-head from the per-spec-tiv
e of user $\OML/cmm/m/it/12 Y$ \T1/cmr/m/n/12 is $\OML/cmm/m/it/12 OH\OT1/cmr/m
/n/12 (\OML/cmm/m/it/12 Y\OT1/cmr/m/n/12 )[] = \OML/cmm/m/it/12 I\OT1/cmr/m/n/1
2 (\OML/cmm/m/it/12 Y\OT1/cmr/m/n/12 ; \OML/cmm/m/it/12 X; []\OT1/cmr/m/n/12 )$
\T1/cmr/m/n/12 . 
 []


Overfull \hbox (16.86353pt too wide) detected at line 837
\OML/cmm/m/it/12 OH\OT1/cmr/m/n/12 (\OML/cmm/m/it/12 X\OT1/cmr/m/n/12 )[] \OMS/
cmsy/m/n/12 ^^@ \OML/cmm/m/it/12 OH\OT1/cmr/m/n/12 (\OML/cmm/m/it/12 X\OT1/cmr/
m/n/12 )[] = \OML/cmm/m/it/12 H\OT1/cmr/m/n/12 (\OML/cmm/m/it/12 X\OT1/cmr/m/n/
12 ) + \OML/cmm/m/it/12 H\OT1/cmr/m/n/12 ([]\OMS/cmsy/m/n/12 j\OML/cmm/m/it/12 
X\OT1/cmr/m/n/12 ) \OMS/cmsy/m/n/12 ^^@ \OML/cmm/m/it/12 H\OT1/cmr/m/n/12 (\OML
/cmm/m/it/12 X\OT1/cmr/m/n/12 ) \OMS/cmsy/m/n/12 ^^@ \OT1/cmr/m/n/12 [\OML/cmm/
m/it/12 H\OT1/cmr/m/n/12 ([]\OMS/cmsy/m/n/12 j\OML/cmm/m/it/12 X; Y; []\OT1/cmr
/m/n/12 ) + \OML/cmm/m/it/12 H\OT1/cmr/m/n/12 (\OML/cmm/m/it/12 X; Y; []\OT1/cm
r/m/n/12 )] + \OML/cmm/m/it/12 H\OT1/cmr/m/n/12 (\OML/cmm/m/it/12 X; Y; []\OT1/
cmr/m/n/12 )
 []

[19] [20] [21] <figures_png/Fig5.png, id=92, 1028.34187pt x 490.83376pt>
File: figures_png/Fig5.png Graphic file (type png)

<use figures_png/Fig5.png>
Package pdftex.def Info: figures_png/Fig5.png used on input line 998.
(pdftex.def)             Requested size: 284.52876pt x 159.33183pt.

<figures_png/Fig6.png, id=93, 1028.34187pt x 490.83376pt>
File: figures_png/Fig6.png Graphic file (type png)

<use figures_png/Fig6.png>
Package pdftex.def Info: figures_png/Fig6.png used on input line 1024.
(pdftex.def)             Requested size: 284.52876pt x 159.33183pt.
 [22 <./figures_png/Fig5.png (PNG copy)>]
<figures_png/Fig7.png, id=97, 1028.34187pt x 490.83376pt>
File: figures_png/Fig7.png Graphic file (type png)

<use figures_png/Fig7.png>
Package pdftex.def Info: figures_png/Fig7.png used on input line 1059.
(pdftex.def)             Requested size: 284.52876pt x 159.33183pt.

<figures_png/Fig8.png, id=98, 1028.34187pt x 490.83376pt>
File: figures_png/Fig8.png Graphic file (type png)

<use figures_png/Fig8.png>
Package pdftex.def Info: figures_png/Fig8.png used on input line 1085.
(pdftex.def)             Requested size: 284.52876pt x 159.33183pt.
 [23 <./figures_png/Fig6.png (PNG copy)>] [24 <./figures_png/Fig7.png (PNG copy
)> <./figures_png/Fig8.png (PNG copy)>] [25] [26]
Overfull \hbox (12.21475pt too wide) in paragraph at lines 1196--1215
 [][] 
 []

[27] (./journal_Sub - Mai Motivation.bbl [28]
Underfull \hbox (badness 10000) in paragraph at lines 80--82
[]\T1/cmr/m/n/10 ``CRAWDAD trace set cam-bridge/haggle/imote (v. 2009-05-29),''
 Down-loaded from
 []

[29] [30]) [31] (./journal_Sub - Mai Motivation.aux) ) 
Here is how much of TeX's memory you used:
 4177 strings out of 493089
 62516 string characters out of 6134842
 122776 words of memory out of 5000000
 7596 multiletter control sequences out of 15000+600000
 22283 words of font info for 55 fonts, out of 8000000 for 9000
 1141 hyphenation exceptions out of 8191
 42i,13n,38p,1238b,302s stack positions out of 5000i,500n,10000p,200000b,80000s
{/usr/local/texlive/2015/
texmf-dist/fonts/enc/dvips/cm-super/cm-super-t1.enc}</usr/local/texlive/2015/te
xmf-dist/fonts/type1/public/amsfonts/cm/cmex10.pfb></usr/local/texlive/2015/tex
mf-dist/fonts/type1/public/amsfonts/cm/cmmi10.pfb></usr/local/texlive/2015/texm
f-dist/fonts/type1/public/amsfonts/cm/cmmi12.pfb></usr/local/texlive/2015/texmf
-dist/fonts/type1/public/amsfonts/cm/cmmi8.pfb></usr/local/texlive/2015/texmf-d
ist/fonts/type1/public/amsfonts/cm/cmr12.pfb></usr/local/texlive/2015/texmf-dis
t/fonts/type1/public/amsfonts/cm/cmr8.pfb></usr/local/texlive/2015/texmf-dist/f
onts/type1/public/amsfonts/cm/cmsy10.pfb></usr/local/texlive/2015/texmf-dist/fo
nts/type1/public/amsfonts/cm/cmsy7.pfb></usr/local/texlive/2015/texmf-dist/font
s/type1/public/amsfonts/cm/cmsy8.pfb></usr/local/texlive/2015/texmf-dist/fonts/
type1/public/cm-super/sfbx1000.pfb></usr/local/texlive/2015/texmf-dist/fonts/ty
pe1/public/cm-super/sfbx1200.pfb></usr/local/texlive/2015/texmf-dist/fonts/type
1/public/cm-super/sfrm0700.pfb></usr/local/texlive/2015/texmf-dist/fonts/type1/
public/cm-super/sfrm0800.pfb></usr/local/texlive/2015/texmf-dist/fonts/type1/pu
blic/cm-super/sfrm1000.pfb></usr/local/texlive/2015/texmf-dist/fonts/type1/publ
ic/cm-super/sfrm1200.pfb></usr/local/texlive/2015/texmf-dist/fonts/type1/public
/cm-super/sfrm1728.pfb></usr/local/texlive/2015/texmf-dist/fonts/type1/public/c
m-super/sfti1000.pfb></usr/local/texlive/2015/texmf-dist/fonts/type1/public/cm-
super/sfti1200.pfb>
Output written on "journal_Sub - Mai Motivation.pdf" (31 pages, 850727 bytes).
PDF statistics:
 188 PDF objects out of 1000 (max. 8388607)
 127 compressed objects within 2 object streams
 0 named destinations out of 1000 (max. 500000)
 36 words of extra memory for PDF output out of 10000 (max. 10000000)

