This is pdfTeX, Version 3.14159265-2.6-1.40.15 (TeX Live 2014) (preloaded format=pdflatex 2014.5.25)  22 FEB 2015 21:46
entering extended mode
 restricted \write18 enabled.
 %&-line parsing enabled.
**journal_doublecolumn.tex
(./journal_doublecolumn.tex
LaTeX2e <2014/05/01>
Babel <3.9k> and hyphenation patterns for 78 languages loaded.
(/usr/local/texlive/2014/texmf-dist/tex/latex/IEEEtran/IEEEtran.cls
Document Class: IEEEtran 2012/12/27 V1.8 by Michael Shell
-- See the "IEEEtran_HOWTO" manual for usage information.
-- http://www.michaelshell.org/tex/ieeetran/
\@IEEEtrantmpdimenA=\dimen102
\@IEEEtrantmpdimenB=\dimen103
\@IEEEtrantmpcountA=\count79
\@IEEEtrantmpcountB=\count80
\@IEEEtrantmptoksA=\toks14
LaTeX Font Info:    Try loading font information for OT1+ptm on input line 368.

(/usr/local/texlive/2014/texmf-dist/tex/latex/psnfss/ot1ptm.fd
File: ot1ptm.fd 2001/06/04 font definitions for OT1/ptm.
)
-- Using 8.5in x 11in (letter) paper.
-- Using PDF output.
\@IEEEnormalsizeunitybaselineskip=\dimen104
-- This is a 10 point document.
\CLASSINFOnormalsizebaselineskip=\dimen105
\CLASSINFOnormalsizeunitybaselineskip=\dimen106
\IEEEnormaljot=\dimen107
LaTeX Font Info:    Font shape `OT1/ptm/bx/n' in size <5> not available
(Font)              Font shape `OT1/ptm/b/n' tried instead on input line 726.
LaTeX Font Info:    Font shape `OT1/ptm/bx/it' in size <5> not available
(Font)              Font shape `OT1/ptm/b/it' tried instead on input line 726.
LaTeX Font Info:    Font shape `OT1/ptm/bx/n' in size <7> not available
(Font)              Font shape `OT1/ptm/b/n' tried instead on input line 726.
LaTeX Font Info:    Font shape `OT1/ptm/bx/it' in size <7> not available
(Font)              Font shape `OT1/ptm/b/it' tried instead on input line 726.
LaTeX Font Info:    Font shape `OT1/ptm/bx/n' in size <8> not available
(Font)              Font shape `OT1/ptm/b/n' tried instead on input line 726.
LaTeX Font Info:    Font shape `OT1/ptm/bx/it' in size <8> not available
(Font)              Font shape `OT1/ptm/b/it' tried instead on input line 726.
LaTeX Font Info:    Font shape `OT1/ptm/bx/n' in size <9> not available
(Font)              Font shape `OT1/ptm/b/n' tried instead on input line 726.
LaTeX Font Info:    Font shape `OT1/ptm/bx/it' in size <9> not available
(Font)              Font shape `OT1/ptm/b/it' tried instead on input line 726.
LaTeX Font Info:    Font shape `OT1/ptm/bx/n' in size <10> not available
(Font)              Font shape `OT1/ptm/b/n' tried instead on input line 726.
LaTeX Font Info:    Font shape `OT1/ptm/bx/it' in size <10> not available
(Font)              Font shape `OT1/ptm/b/it' tried instead on input line 726.
LaTeX Font Info:    Font shape `OT1/ptm/bx/n' in size <11> not available
(Font)              Font shape `OT1/ptm/b/n' tried instead on input line 726.
LaTeX Font Info:    Font shape `OT1/ptm/bx/it' in size <11> not available
(Font)              Font shape `OT1/ptm/b/it' tried instead on input line 726.
LaTeX Font Info:    Font shape `OT1/ptm/bx/n' in size <12> not available
(Font)              Font shape `OT1/ptm/b/n' tried instead on input line 726.
LaTeX Font Info:    Font shape `OT1/ptm/bx/it' in size <12> not available
(Font)              Font shape `OT1/ptm/b/it' tried instead on input line 726.
LaTeX Font Info:    Font shape `OT1/ptm/bx/n' in size <17> not available
(Font)              Font shape `OT1/ptm/b/n' tried instead on input line 726.
LaTeX Font Info:    Font shape `OT1/ptm/bx/it' in size <17> not available
(Font)              Font shape `OT1/ptm/b/it' tried instead on input line 726.
LaTeX Font Info:    Font shape `OT1/ptm/bx/n' in size <20> not available
(Font)              Font shape `OT1/ptm/b/n' tried instead on input line 726.
LaTeX Font Info:    Font shape `OT1/ptm/bx/it' in size <20> not available
(Font)              Font shape `OT1/ptm/b/it' tried instead on input line 726.
LaTeX Font Info:    Font shape `OT1/ptm/bx/n' in size <24> not available
(Font)              Font shape `OT1/ptm/b/n' tried instead on input line 726.
LaTeX Font Info:    Font shape `OT1/ptm/bx/it' in size <24> not available
(Font)              Font shape `OT1/ptm/b/it' tried instead on input line 726.
\IEEEilabelindentA=\dimen108
\IEEEilabelindentB=\dimen109
\IEEEilabelindent=\dimen110
\IEEEelabelindent=\dimen111
\IEEEdlabelindent=\dimen112
\IEEElabelindent=\dimen113
\IEEEiednormlabelsep=\dimen114
\IEEEiedmathlabelsep=\dimen115
\IEEEiedtopsep=\skip41
\c@section=\count81
\c@subsection=\count82
\c@subsubsection=\count83
\c@paragraph=\count84
\c@IEEEsubequation=\count85
\abovecaptionskip=\skip42
\belowcaptionskip=\skip43
\c@figure=\count86
\c@table=\count87
\@IEEEeqnnumcols=\count88
\@IEEEeqncolcnt=\count89
\@IEEEsubeqnnumrollback=\count90
\@IEEEtmpitemindent=\dimen116
\c@IEEEbiography=\count91
\@IEEEtranrubishbin=\box26
) (/usr/local/texlive/2014/texmf-dist/tex/latex/graphics/graphicx.sty
Package: graphicx 2014/04/25 v1.0g Enhanced LaTeX Graphics (DPC,SPQR)

(/usr/local/texlive/2014/texmf-dist/tex/latex/graphics/keyval.sty
Package: keyval 2014/05/08 v1.15 key=value parser (DPC)
\KV@toks@=\toks15
)
(/usr/local/texlive/2014/texmf-dist/tex/latex/graphics/graphics.sty
Package: graphics 2009/02/05 v1.0o Standard LaTeX Graphics (DPC,SPQR)

(/usr/local/texlive/2014/texmf-dist/tex/latex/graphics/trig.sty
Package: trig 1999/03/16 v1.09 sin cos tan (DPC)
)
(/usr/local/texlive/2014/texmf-dist/tex/latex/latexconfig/graphics.cfg
File: graphics.cfg 2010/04/23 v1.9 graphics configuration of TeX Live
)
Package graphics Info: Driver file: pdftex.def on input line 91.

(/usr/local/texlive/2014/texmf-dist/tex/latex/pdftex-def/pdftex.def
File: pdftex.def 2011/05/27 v0.06d Graphics/color for pdfTeX

(/usr/local/texlive/2014/texmf-dist/tex/generic/oberdiek/infwarerr.sty
Package: infwarerr 2010/04/08 v1.3 Providing info/warning/error messages (HO)
)
(/usr/local/texlive/2014/texmf-dist/tex/generic/oberdiek/ltxcmds.sty
Package: ltxcmds 2011/11/09 v1.22 LaTeX kernel commands for general use (HO)
)
\Gread@gobject=\count92
))
\Gin@req@height=\dimen117
\Gin@req@width=\dimen118
)
(/usr/local/texlive/2014/texmf-dist/tex/latex/amsmath/amsmath.sty
Package: amsmath 2013/01/14 v2.14 AMS math features
\@mathmargin=\skip44

For additional information on amsmath, use the `?' option.
(/usr/local/texlive/2014/texmf-dist/tex/latex/amsmath/amstext.sty
Package: amstext 2000/06/29 v2.01

(/usr/local/texlive/2014/texmf-dist/tex/latex/amsmath/amsgen.sty
File: amsgen.sty 1999/11/30 v2.0
\@emptytoks=\toks16
\ex@=\dimen119
))
(/usr/local/texlive/2014/texmf-dist/tex/latex/amsmath/amsbsy.sty
Package: amsbsy 1999/11/29 v1.2d
\pmbraise@=\dimen120
)
(/usr/local/texlive/2014/texmf-dist/tex/latex/amsmath/amsopn.sty
Package: amsopn 1999/12/14 v2.01 operator names
)
\inf@bad=\count93
LaTeX Info: Redefining \frac on input line 210.
\uproot@=\count94
\leftroot@=\count95
LaTeX Info: Redefining \overline on input line 306.
\classnum@=\count96
\DOTSCASE@=\count97
LaTeX Info: Redefining \ldots on input line 378.
LaTeX Info: Redefining \dots on input line 381.
LaTeX Info: Redefining \cdots on input line 466.
\Mathstrutbox@=\box27
\strutbox@=\box28
\big@size=\dimen121
LaTeX Font Info:    Redeclaring font encoding OML on input line 566.
LaTeX Font Info:    Redeclaring font encoding OMS on input line 567.
\macc@depth=\count98
\c@MaxMatrixCols=\count99
\dotsspace@=\muskip10
\c@parentequation=\count100
\dspbrk@lvl=\count101
\tag@help=\toks17
\row@=\count102
\column@=\count103
\maxfields@=\count104
\andhelp@=\toks18
\eqnshift@=\dimen122
\alignsep@=\dimen123
\tagshift@=\dimen124
\tagwidth@=\dimen125
\totwidth@=\dimen126
\lineht@=\dimen127
\@envbody=\toks19
\multlinegap=\skip45
\multlinetaggap=\skip46
\mathdisplay@stack=\toks20
LaTeX Info: Redefining \[ on input line 2665.
LaTeX Info: Redefining \] on input line 2666.
)
(/usr/local/texlive/2014/texmf-dist/tex/latex/oberdiek/epstopdf.sty
Package: epstopdf 2010/02/09 v2.5 Conversion with epstopdf on the fly (HO)

(/usr/local/texlive/2014/texmf-dist/tex/latex/oberdiek/epstopdf-base.sty
Package: epstopdf-base 2010/02/09 v2.5 Base part for package epstopdf

(/usr/local/texlive/2014/texmf-dist/tex/latex/oberdiek/grfext.sty
Package: grfext 2010/08/19 v1.1 Manage graphics extensions (HO)

(/usr/local/texlive/2014/texmf-dist/tex/generic/oberdiek/kvdefinekeys.sty
Package: kvdefinekeys 2011/04/07 v1.3 Define keys (HO)
))
(/usr/local/texlive/2014/texmf-dist/tex/latex/oberdiek/kvoptions.sty
Package: kvoptions 2011/06/30 v3.11 Key value format for package options (HO)

(/usr/local/texlive/2014/texmf-dist/tex/generic/oberdiek/kvsetkeys.sty
Package: kvsetkeys 2012/04/25 v1.16 Key value parser (HO)

(/usr/local/texlive/2014/texmf-dist/tex/generic/oberdiek/etexcmds.sty
Package: etexcmds 2011/02/16 v1.5 Avoid name clashes with e-TeX commands (HO)

(/usr/local/texlive/2014/texmf-dist/tex/generic/oberdiek/ifluatex.sty
Package: ifluatex 2010/03/01 v1.3 Provides the ifluatex switch (HO)
Package ifluatex Info: LuaTeX not detected.
)
Package etexcmds Info: Could not find \expanded.
(etexcmds)             That can mean that you are not using pdfTeX 1.50 or
(etexcmds)             that some package has redefined \expanded.
(etexcmds)             In the latter case, load this package earlier.
)))
(/usr/local/texlive/2014/texmf-dist/tex/generic/oberdiek/pdftexcmds.sty
Package: pdftexcmds 2011/11/29 v0.20 Utility functions of pdfTeX for LuaTeX (HO
)

(/usr/local/texlive/2014/texmf-dist/tex/generic/oberdiek/ifpdf.sty
Package: ifpdf 2011/01/30 v2.3 Provides the ifpdf switch (HO)
Package ifpdf Info: pdfTeX in PDF mode is detected.
)
Package pdftexcmds Info: LuaTeX not detected.
Package pdftexcmds Info: \pdf@primitive is available.
Package pdftexcmds Info: \pdf@ifprimitive is available.
Package pdftexcmds Info: \pdfdraftmode found.
)
Package grfext Info: Graphics extension search list:
(grfext)             [.png,.pdf,.jpg,.mps,.jpeg,.jbig2,.jb2,.PNG,.PDF,.JPG,.JPE
G,.JBIG2,.JB2,.eps]
(grfext)             \AppendGraphicsExtensions on input line 452.

(/usr/local/texlive/2014/texmf-dist/tex/latex/latexconfig/epstopdf-sys.cfg
File: epstopdf-sys.cfg 2010/07/13 v1.3 Configuration of (r)epstopdf for TeX Liv
e
)))
(/usr/local/texlive/2014/texmf-dist/tex/latex/floatrow/floatrow.sty
Package: floatrow 2008/08/02 v0.3b floatrow: float package extension

(/usr/local/texlive/2014/texmf-dist/tex/latex/caption/caption3.sty
Package: caption3 2013/05/02 v1.6-88 caption3 kernel (AR)
Package caption3 Info: TeX engine: e-TeX on input line 57.
\captionmargin=\dimen128
\captionmargin@=\dimen129
\captionwidth=\dimen130
\caption@tempdima=\dimen131
\caption@indent=\dimen132
\caption@parindent=\dimen133
\caption@hangindent=\dimen134
Package caption Info: Unknown document class (or package),
(caption)             standard defaults will be used.
)
\c@float@type=\count105
\float@exts=\toks21
\float@box=\box29
\@floatcapt=\box30
Package floatrow Info: Modified float package code loaded on input line 455.
Package floatrow Info: Modified rotfloat package code loaded on input line 473.

\FR@everyfloat=\toks22
\flrow@foot=\insert233
\FB@wd=\dimen135
\FBo@wd=\dimen136
\FBc@wd=\dimen137
\FBo@ht=\skip47
\FBc@ht=\skip48
\FBf@ht=\skip49
\FBo@max=\skip50
\FBc@max=\skip51
\FBf@max=\skip52
\c@FBl@b=\count106
\floatbox@depth=\count107
\c@FRobj=\count108
\c@FRsobj=\count109
\Xhsize=\skip53
\sXhsize=\skip54
\Zhsize=\skip55
\sZhsize=\skip56
\flrow@rowbox=\box31
\FR@Zunitlength=\dimen138
\c@FBcnt=\count110
\FPOScnt=\count111
\LTleft=\skip57
\LTright=\skip58
\LTleft=\skip59
\LTright=\skip60
\flrow@types=\toks23
)
(/usr/local/texlive/2014/texmf-dist/tex/latex/base/fontenc.sty
Package: fontenc 2005/09/27 v1.99g Standard LaTeX package

(/usr/local/texlive/2014/texmf-dist/tex/latex/base/t1enc.def
File: t1enc.def 2005/09/27 v1.99g Standard LaTeX file
LaTeX Font Info:    Redeclaring font encoding T1 on input line 43.
)
LaTeX Font Info:    Try loading font information for T1+ptm on input line 100.

(/usr/local/texlive/2014/texmf-dist/tex/latex/psnfss/t1ptm.fd
File: t1ptm.fd 2001/06/04 font definitions for T1/ptm.
))
(/usr/local/texlive/2014/texmf-dist/tex/latex/amscls/amsthm.sty
Package: amsthm 2004/08/06 v2.20
\thm@style=\toks24
\thm@bodyfont=\toks25
\thm@headfont=\toks26
\thm@notefont=\toks27
\thm@headpunct=\toks28
\thm@preskip=\skip61
\thm@postskip=\skip62
\thm@headsep=\skip63
\dth@everypar=\toks29
)
(/usr/local/texlive/2014/texmf-dist/tex/latex/cite/cite.sty
LaTeX Info: Redefining \cite on input line 302.
LaTeX Info: Redefining \nocite on input line 373.
Package: cite 2010/09/10  v 5.3
)
(/usr/local/texlive/2014/texmf-dist/tex/latex/filecontents/filecontents.sty
Package: filecontents 2011/10/08 v1.3 Create an external file from within a LaT
eX document
)
(/usr/local/texlive/2014/texmf-dist/tex/latex/base/fix-cm.sty
Package: fix-cm 2014/05/13 v1.1q fixes to LaTeX

(/usr/local/texlive/2014/texmf-dist/tex/latex/base/ts1enc.def
File: ts1enc.def 2001/06/05 v3.0e (jk/car/fm) Standard LaTeX file
))
\c@theorem=\count112
\c@thm=\count113
\c@defn=\count114

(./journal_doublecolumn.aux)
\openout1 = `journal_doublecolumn.aux'.

LaTeX Font Info:    Checking defaults for OML/cmm/m/it on input line 42.
LaTeX Font Info:    ... okay on input line 42.
LaTeX Font Info:    Checking defaults for T1/cmr/m/n on input line 42.
LaTeX Font Info:    ... okay on input line 42.
LaTeX Font Info:    Checking defaults for OT1/cmr/m/n on input line 42.
LaTeX Font Info:    ... okay on input line 42.
LaTeX Font Info:    Checking defaults for OMS/cmsy/m/n on input line 42.
LaTeX Font Info:    ... okay on input line 42.
LaTeX Font Info:    Checking defaults for OMX/cmex/m/n on input line 42.
LaTeX Font Info:    ... okay on input line 42.
LaTeX Font Info:    Checking defaults for U/cmr/m/n on input line 42.
LaTeX Font Info:    ... okay on input line 42.
LaTeX Font Info:    Checking defaults for TS1/cmr/m/n on input line 42.
LaTeX Font Info:    ... okay on input line 42.
LaTeX Font Info:    Font shape `T1/ptm/bx/n' in size <5> not available
(Font)              Font shape `T1/ptm/b/n' tried instead on input line 42.
LaTeX Font Info:    Font shape `T1/ptm/bx/it' in size <5> not available
(Font)              Font shape `T1/ptm/b/it' tried instead on input line 42.
LaTeX Font Info:    Font shape `T1/ptm/bx/n' in size <7> not available
(Font)              Font shape `T1/ptm/b/n' tried instead on input line 42.
LaTeX Font Info:    Font shape `T1/ptm/bx/it' in size <7> not available
(Font)              Font shape `T1/ptm/b/it' tried instead on input line 42.
LaTeX Font Info:    Font shape `T1/ptm/bx/n' in size <8> not available
(Font)              Font shape `T1/ptm/b/n' tried instead on input line 42.
LaTeX Font Info:    Font shape `T1/ptm/bx/it' in size <8> not available
(Font)              Font shape `T1/ptm/b/it' tried instead on input line 42.
LaTeX Font Info:    Font shape `T1/ptm/bx/n' in size <9> not available
(Font)              Font shape `T1/ptm/b/n' tried instead on input line 42.
LaTeX Font Info:    Font shape `T1/ptm/bx/it' in size <9> not available
(Font)              Font shape `T1/ptm/b/it' tried instead on input line 42.
LaTeX Font Info:    Font shape `T1/ptm/bx/n' in size <10> not available
(Font)              Font shape `T1/ptm/b/n' tried instead on input line 42.
LaTeX Font Info:    Font shape `T1/ptm/bx/it' in size <10> not available
(Font)              Font shape `T1/ptm/b/it' tried instead on input line 42.
LaTeX Font Info:    Font shape `T1/ptm/bx/n' in size <11> not available
(Font)              Font shape `T1/ptm/b/n' tried instead on input line 42.
LaTeX Font Info:    Font shape `T1/ptm/bx/it' in size <11> not available
(Font)              Font shape `T1/ptm/b/it' tried instead on input line 42.
LaTeX Font Info:    Font shape `T1/ptm/bx/n' in size <12> not available
(Font)              Font shape `T1/ptm/b/n' tried instead on input line 42.
LaTeX Font Info:    Font shape `T1/ptm/bx/it' in size <12> not available
(Font)              Font shape `T1/ptm/b/it' tried instead on input line 42.
LaTeX Font Info:    Font shape `T1/ptm/bx/n' in size <17> not available
(Font)              Font shape `T1/ptm/b/n' tried instead on input line 42.
LaTeX Font Info:    Font shape `T1/ptm/bx/it' in size <17> not available
(Font)              Font shape `T1/ptm/b/it' tried instead on input line 42.
LaTeX Font Info:    Font shape `T1/ptm/bx/n' in size <20> not available
(Font)              Font shape `T1/ptm/b/n' tried instead on input line 42.
LaTeX Font Info:    Font shape `T1/ptm/bx/it' in size <20> not available
(Font)              Font shape `T1/ptm/b/it' tried instead on input line 42.
LaTeX Font Info:    Font shape `T1/ptm/bx/n' in size <24> not available
(Font)              Font shape `T1/ptm/b/n' tried instead on input line 42.
LaTeX Font Info:    Font shape `T1/ptm/bx/it' in size <24> not available
(Font)              Font shape `T1/ptm/b/it' tried instead on input line 42.

(/usr/local/texlive/2014/texmf-dist/tex/context/base/supp-pdf.mkii
[Loading MPS to PDF converter (version 2006.09.02).]
\scratchcounter=\count115
\scratchdimen=\dimen139
\scratchbox=\box32
\nofMPsegments=\count116
\nofMParguments=\count117
\everyMPshowfont=\toks30
\MPscratchCnt=\count118
\MPscratchDim=\dimen140
\MPnumerator=\count119
\makeMPintoPDFobject=\count120
\everyMPtoPDFconversion=\toks31
)
Package caption Info: Begin \AtBeginDocument code.
Package caption Info: End \AtBeginDocument code.
 (/usr/local/texlive/2014/texmf-dist/tex/latex/graphics/color.sty
Package: color 2014/04/23 v1.1a Standard LaTeX Color (DPC)

(/usr/local/texlive/2014/texmf-dist/tex/latex/latexconfig/color.cfg
File: color.cfg 2007/01/18 v1.5 color configuration of teTeX/TeXLive
)
Package color Info: Driver file: pdftex.def on input line 137.
)
** WARNING: \thanks is locked out when in conference mode (line 63).

Underfull \vbox (badness 10000) has occurred while \output is active []

 [1{/usr/local/texlive/2014/texmf-var/fonts/map/pdftex/updmap/pdftex.map}


]
Underfull \vbox (badness 10000) has occurred while \output is active []


Underfull \vbox (badness 10000) has occurred while \output is active []

 [2]
[3] [4]
Package epstopdf Info: Source file: <User2.eps>
(epstopdf)                    date: 2013-11-25 01:58:58
(epstopdf)                    size: 1435159 bytes
(epstopdf)             Output file: <User2-eps-converted-to.pdf>
(epstopdf)                    date: 2013-11-25 02:02:42
(epstopdf)                    size: 8985 bytes
(epstopdf)             Command: <repstopdf --outfile=User2-eps-converted-to.pdf
 User2.eps>
(epstopdf)             \includegraphics on input line 341.
Package epstopdf Info: Output file is already uptodate.
 <User2-eps-converted-to.pdf, id=27, 421.575pt x 316.18124pt>
File: User2-eps-converted-to.pdf Graphic file (type pdf)

<use User2-eps-converted-to.pdf>
Package pdftex.def Info: User2-eps-converted-to.pdf used on input line 341.
(pdftex.def)             Requested size: 327.21255pt x 142.26576pt.

Overfull \hbox (75.21255pt too wide) in paragraph at lines 341--342
 [][] 
 []

<scatter.png, id=28, 831.105pt x 298.86656pt>
File: scatter.png Graphic file (type png)
 <use scatter.png>
Package pdftex.def Info: scatter.png used on input line 360.
(pdftex.def)             Requested size: 341.42738pt x 150.801pt.

Overfull \hbox (89.42738pt too wide) in paragraph at lines 360--362
 [][] 
 []


Overfull \hbox (115.55782pt too wide) in paragraph at lines 380--393
 [][] 
 []

[5 <./User2-eps-converted-to.pdf>]
Underfull \vbox (badness 10000) has occurred while \output is active []

 [6 <./scatter.png>] [7] <figures_png/vennSimple.png, id=42, 196.93575pt x 155.
98276pt>
File: figures_png/vennSimple.png Graphic file (type png)

<use figures_png/vennSimple.png>
Package pdftex.def Info: figures_png/vennSimple.png used on input line 531.
(pdftex.def)             Requested size: 184.95433pt x 142.27536pt.
 [8]
Overfull \hbox (46.40022pt too wide) detected at line 553
\OML/cmm/m/it/10 KC\OT1/cmr/m/n/10 (\OML/cmm/m/it/10 X[]\OT1/cmr/m/n/10 ) = \OM
L/cmm/m/it/10 H\OT1/cmr/m/n/10 (\OML/cmm/m/it/10 X[]\OMS/cmsy/m/n/10 j\OML/cmm/
m/it/10 X[]\OT1/cmr/m/n/10 ) + \OML/cmm/m/it/10 H\OT1/cmr/m/n/10 (\OML/cmm/m/it
/10 X[]\OMS/cmsy/m/n/10 j\OML/cmm/m/it/10 X[]; X[]\OT1/cmr/m/n/10 ) + \OML/cmm/
m/it/10 ::::: \OT1/cmr/m/n/10 + \OML/cmm/m/it/10 H\OT1/cmr/m/n/10 (\OML/cmm/m/i
t/10 X[]\OMS/cmsy/m/n/10 j\OML/cmm/m/it/10 X[]; ::::::; X[]\OT1/cmr/m/n/10 )
 []


Underfull \hbox (badness 1484) in paragraph at lines 602--618
 \T1/ptm/m/it/10 1) Fixed Topol-ogy, Similarity-based Op-por-tunis-tic Net-
 []

[9 <./figures_png/vennSimple.png>]
Overfull \hbox (151.51337pt too wide) detected at line 680
\OML/cmm/m/it/10 KG\OT1/cmr/m/n/10 (\OML/cmm/m/it/10 X[]\OT1/cmr/m/n/10 ) = \OM
L/cmm/m/it/10 H\OT1/cmr/m/n/10 (\OML/cmm/m/it/10 X[]; []\OMS/cmsy/m/n/10 j\OML/
cmm/m/it/10 X[]\OT1/cmr/m/n/10 ) + \OML/cmm/m/it/10 H\OT1/cmr/m/n/10 (\OML/cmm/
m/it/10 X[]; []\OMS/cmsy/m/n/10 j\OML/cmm/m/it/10 X[]; []; X[]\OT1/cmr/m/n/10 )
 + \OML/cmm/m/it/10 H\OT1/cmr/m/n/10 (\OML/cmm/m/it/10 X[]; []\OMS/cmsy/m/n/10 
j\OML/cmm/m/it/10 X[]; []; X[]; []; X[]\OT1/cmr/m/n/10 ) + \OML/cmm/m/it/10 :::
::
 []

[10]
Overfull \hbox (64.04362pt too wide) detected at line 732
\OML/cmm/m/it/10 OH\OT1/cmr/m/n/10 (\OML/cmm/m/it/10 X\OT1/cmr/m/n/10 )[] = \OM
L/cmm/m/it/10 OH\OT1/cmr/m/n/10 (\OML/cmm/m/it/10 Y\OT1/cmr/m/n/10 )[] = \OML/c
mm/m/it/10 H\OT1/cmr/m/n/10 (\OML/cmm/m/it/10 X; []\OT1/cmr/m/n/10 ) + \OML/cmm
/m/it/10 H\OT1/cmr/m/n/10 (\OML/cmm/m/it/10 Y; []\OT1/cmr/m/n/10 ) \OMS/cmsy/m/
n/10 ^^@ \OML/cmm/m/it/10 H\OT1/cmr/m/n/10 (\OML/cmm/m/it/10 X; []; Y; []\OT1/c
mr/m/n/10 )\OML/cmm/m/it/10 :
 []


Overfull \hbox (96.43776pt too wide) detected at line 738
\OML/cmm/m/it/10 OH\OT1/cmr/m/n/10 (\OML/cmm/m/it/10 X\OT1/cmr/m/n/10 )[] \OMS/
cmsy/m/n/10 ^^@ \OML/cmm/m/it/10 OH\OT1/cmr/m/n/10 (\OML/cmm/m/it/10 X\OT1/cmr/
m/n/10 )[] = \OML/cmm/m/it/10 H\OT1/cmr/m/n/10 (\OML/cmm/m/it/10 X; []\OT1/cmr/
m/n/10 ) \OMS/cmsy/m/n/10 ^^@ \OML/cmm/m/it/10 H\OT1/cmr/m/n/10 (\OML/cmm/m/it/
10 X\OT1/cmr/m/n/10 ) \OMS/cmsy/m/n/10 ^^@ \OML/cmm/m/it/10 H\OT1/cmr/m/n/10 (\
OML/cmm/m/it/10 X; []; Y; []\OT1/cmr/m/n/10 ) + \OML/cmm/m/it/10 H\OT1/cmr/m/n/
10 (\OML/cmm/m/it/10 X; Y; []\OT1/cmr/m/n/10 )
 []


Overfull \hbox (191.83792pt too wide) detected at line 743
\OML/cmm/m/it/10 OH\OT1/cmr/m/n/10 (\OML/cmm/m/it/10 X\OT1/cmr/m/n/10 )[] \OMS/
cmsy/m/n/10 ^^@ \OML/cmm/m/it/10 OH\OT1/cmr/m/n/10 (\OML/cmm/m/it/10 X\OT1/cmr/
m/n/10 )[] = \OML/cmm/m/it/10 H\OT1/cmr/m/n/10 (\OML/cmm/m/it/10 X\OT1/cmr/m/n/
10 ) + \OML/cmm/m/it/10 H\OT1/cmr/m/n/10 ([]\OMS/cmsy/m/n/10 j\OML/cmm/m/it/10 
X\OT1/cmr/m/n/10 ) \OMS/cmsy/m/n/10 ^^@ \OML/cmm/m/it/10 H\OT1/cmr/m/n/10 (\OML
/cmm/m/it/10 X\OT1/cmr/m/n/10 ) \OMS/cmsy/m/n/10 ^^@ \OT1/cmr/m/n/10 [\OML/cmm/
m/it/10 H\OT1/cmr/m/n/10 ([]\OMS/cmsy/m/n/10 j\OML/cmm/m/it/10 X; Y; []\OT1/cmr
/m/n/10 ) + \OML/cmm/m/it/10 H\OT1/cmr/m/n/10 (\OML/cmm/m/it/10 X; Y; []\OT1/cm
r/m/n/10 )] + \OML/cmm/m/it/10 H\OT1/cmr/m/n/10 (\OML/cmm/m/it/10 X; Y; []\OT1/
cmr/m/n/10 )
 []


Overfull \hbox (1.03778pt too wide) detected at line 748
\OML/cmm/m/it/10 OH\OT1/cmr/m/n/10 (\OML/cmm/m/it/10 X\OT1/cmr/m/n/10 )[] \OMS/
cmsy/m/n/10 ^^@ \OML/cmm/m/it/10 OH\OT1/cmr/m/n/10 (\OML/cmm/m/it/10 X\OT1/cmr/
m/n/10 )[] = \OML/cmm/m/it/10 H\OT1/cmr/m/n/10 ([]\OMS/cmsy/m/n/10 j\OML/cmm/m/
it/10 X\OT1/cmr/m/n/10 ) \OMS/cmsy/m/n/10 ^^@ \OML/cmm/m/it/10 H\OT1/cmr/m/n/10
 ([]\OMS/cmsy/m/n/10 j\OML/cmm/m/it/10 X; Y; []\OT1/cmr/m/n/10 )
 []

[11]
Underfull \hbox (badness 10000) in paragraph at lines 818--821
[]\T1/ptm/m/n/10 Without loss of gen-er-al-ity, we as-sume node
 []


Underfull \hbox (badness 4366) in paragraph at lines 818--821
\OML/cmm/m/it/10 X[]$ \T1/ptm/m/n/10 com-mu-ni-cates with other nodes in an in-
creas-ing
 []


Underfull \hbox (badness 6575) in paragraph at lines 818--821
\T1/ptm/m/n/10 or-der of their IDs. The cu-mu-la-tive knowl-edge gain
 []


Underfull \hbox (badness 10000) in paragraph at lines 818--821
\T1/ptm/m/n/10 for node $\OML/cmm/m/it/10 X[]$\T1/ptm/m/n/10 , $\OML/cmm/m/it/1
0 KG\OT1/cmr/m/n/10 (\OML/cmm/m/it/10 X[]\OT1/cmr/m/n/10 )$\T1/ptm/m/n/10 , ac-
cord-ing to ex-changes
 []


Underfull \hbox (badness 10000) in paragraph at lines 818--821
\T1/ptm/m/n/10 with neigh-bors $\OML/cmm/m/it/10 X[]; X[]; X[]; ::::; X[]$ \T1/
ptm/m/n/10 is given by
 []


Overfull \hbox (91.94493pt too wide) detected at line 855
\OML/cmm/m/it/10 KG\OT1/cmr/m/n/10 (\OML/cmm/m/it/10 X[]\OT1/cmr/m/n/10 ) = \OM
L/cmm/m/it/10 H\OT1/cmr/m/n/10 (\OML/cmm/m/it/10 X[]; \OMS/cmsy/m/n/10 j\OML/cm
m/m/it/10 X[]\OT1/cmr/m/n/10 ) + \OML/cmm/m/it/10 H\OT1/cmr/m/n/10 (\OML/cmm/m/
it/10 X[]; []\OMS/cmsy/m/n/10 j\OML/cmm/m/it/10 X[]; X[]\OT1/cmr/m/n/10 ) + \OM
L/cmm/m/it/10 H\OT1/cmr/m/n/10 (\OML/cmm/m/it/10 X[]; []\OMS/cmsy/m/n/10 j\OML/
cmm/m/it/10 X[]; []; X[]; X[]\OT1/cmr/m/n/10 ) + \OML/cmm/m/it/10 :::::
 []

[12] <figures_png/Fig5.png, id=60, 1028.34187pt x 490.83376pt>
File: figures_png/Fig5.png Graphic file (type png)

<use figures_png/Fig5.png>
Package pdftex.def Info: figures_png/Fig5.png used on input line 903.
(pdftex.def)             Requested size: 284.52876pt x 159.33183pt.

Overfull \hbox (32.52876pt too wide) in paragraph at lines 903--908
 [][] 
 []

<figures_png/Fig6.png, id=61, 1028.34187pt x 490.83376pt>
File: figures_png/Fig6.png Graphic file (type png)

<use figures_png/Fig6.png>
Package pdftex.def Info: figures_png/Fig6.png used on input line 929.
(pdftex.def)             Requested size: 284.52876pt x 159.33183pt.

Overfull \hbox (32.52876pt too wide) in paragraph at lines 929--934
 [][] 
 []

[13 <./figures_png/Fig5.png (PNG copy)> <./figures_png/Fig6.png (PNG copy)>]
<figures_png/Fig7.png, id=66, 1028.34187pt x 490.83376pt>
File: figures_png/Fig7.png Graphic file (type png)

<use figures_png/Fig7.png>
Package pdftex.def Info: figures_png/Fig7.png used on input line 964.
(pdftex.def)             Requested size: 284.52876pt x 159.33183pt.

Overfull \hbox (32.52876pt too wide) in paragraph at lines 964--969
 [][] 
 []

<figures_png/Fig8.png, id=67, 1028.34187pt x 490.83376pt>
File: figures_png/Fig8.png Graphic file (type png)

<use figures_png/Fig8.png>
Package pdftex.def Info: figures_png/Fig8.png used on input line 990.
(pdftex.def)             Requested size: 284.52876pt x 159.33183pt.

Overfull \hbox (32.52876pt too wide) in paragraph at lines 990--995
 [][] 
 []


Underfull \vbox (badness 4144) has occurred while \output is active []


Underfull \vbox (badness 7344) has occurred while \output is active []

 [14 <./figures_png/Fig7.png (PNG copy)> <./figures_png/Fig8.png (PNG copy)>]
Underfull \vbox (badness 10000) has occurred while \output is active []


Underfull \vbox (badness 10000) has occurred while \output is active []

 [15]
Underfull \hbox (badness 6252) in paragraph at lines 1079--1083
[]\T1/ptm/b/n/10 Theorem 6. []\T1/ptm/m/it/10 For a time-varying topol-ogy, mul
ti-hop,
 []


Underfull \hbox (badness 1406) in paragraph at lines 1079--1083
\T1/ptm/m/it/10 similarity-based net-work, an ar-bi-trary node achieves its
 []


Overfull \hbox (190.59921pt too wide) in paragraph at lines 1103--1122
 [][] 
 []

(./journal_doublecolumn.bbl
Underfull \hbox (badness 10000) in paragraph at lines 25--28
[]\T1/ptm/m/n/8 ITU, ``ITU re-leases 2014 ICT fig-ures,''
 []


Underfull \hbox (badness 10000) in paragraph at lines 25--28
\T1/ptm/m/n/8 http://www.itu.int/net/pressoffice/press_releases/2014/23.aspx/,
 []

[16]
Underfull \hbox (badness 10000) in paragraph at lines 127--130
[]\T1/ptm/m/n/8 S. Brings, ``Location-based dat-ing to the iphone,''
 []


Underfull \hbox (badness 10000) in paragraph at lines 127--130
\T1/ptm/m/n/8 http://venturebeat.com/2009/01/21/skout-brings-location-based-dat
ing-
 []

[17])

** Conference Paper **
Before submitting the final camera ready copy, remember to:

 1. Manually equalize the lengths of two columns on the last page
 of your paper;

 2. Ensure that any PostScript and/or PDF output post-processing
 uses only Type 1 fonts and that every step in the generation
 process uses the appropriate paper size.

[18

] (./journal_doublecolumn.aux) ) 
Here is how much of TeX's memory you used:
 4936 strings out of 493117
 76854 string characters out of 6135433
 142834 words of memory out of 5000000
 8316 multiletter control sequences out of 15000+600000
 121077 words of font info for 128 fonts, out of 8000000 for 9000
 1141 hyphenation exceptions out of 8191
 42i,15n,38p,1228b,331s stack positions out of 5000i,500n,10000p,200000b,80000s
{/usr/local/texlive/2014/texmf-dist/fonts/enc/d
vips/base/8r.enc}</usr/local/texlive/2014/texmf-dist/fonts/type1/public/amsfont
s/cm/cmex10.pfb></usr/local/texlive/2014/texmf-dist/fonts/type1/public/amsfonts
/cm/cmmi10.pfb></usr/local/texlive/2014/texmf-dist/fonts/type1/public/amsfonts/
cm/cmmi7.pfb></usr/local/texlive/2014/texmf-dist/fonts/type1/public/amsfonts/cm
/cmmi8.pfb></usr/local/texlive/2014/texmf-dist/fonts/type1/public/amsfonts/cm/c
mr10.pfb></usr/local/texlive/2014/texmf-dist/fonts/type1/public/amsfonts/cm/cmr
7.pfb></usr/local/texlive/2014/texmf-dist/fonts/type1/public/amsfonts/cm/cmsy10
.pfb></usr/local/texlive/2014/texmf-dist/fonts/type1/public/amsfonts/cm/cmsy6.p
fb></usr/local/texlive/2014/texmf-dist/fonts/type1/public/amsfonts/cm/cmsy7.pfb
></usr/local/texlive/2014/texmf-dist/fonts/type1/public/amsfonts/cm/cmsy8.pfb><
/usr/local/texlive/2014/texmf-dist/fonts/type1/urw/times/utmb8a.pfb></usr/local
/texlive/2014/texmf-dist/fonts/type1/urw/times/utmbi8a.pfb></usr/local/texlive/
2014/texmf-dist/fonts/type1/urw/times/utmr8a.pfb></usr/local/texlive/2014/texmf
-dist/fonts/type1/urw/times/utmri8a.pfb>
Output written on journal_doublecolumn.pdf (18 pages, 718353 bytes).
PDF statistics:
 129 PDF objects out of 1000 (max. 8388607)
 86 compressed objects within 1 object stream
 0 named destinations out of 1000 (max. 500000)
 36 words of extra memory for PDF output out of 10000 (max. 10000000)

