This is pdfTeX, Version 3.1415926-2.4-1.40.13 (MiKTeX 2.9) (preloaded format=pdflatex 2014.1.7)  29 JAN 2014 19:48
entering extended mode
**Knowledge_Gain.tex
("D:\Work\Papers\Mai Journal\KGpart\Knowledge_Gain.tex"
LaTeX2e <2011/06/27>
Babel <v3.8m> and hyphenation patterns for english, afrikaans, ancientgreek, ar
abic, armenian, assamese, basque, bengali, bokmal, bulgarian, catalan, coptic, 
croatian, czech, danish, dutch, esperanto, estonian, farsi, finnish, french, ga
lician, german, german-x-2012-05-30, greek, gujarati, hindi, hungarian, iceland
ic, indonesian, interlingua, irish, italian, kannada, kurmanji, latin, latvian,
 lithuanian, malayalam, marathi, mongolian, mongolianlmc, monogreek, ngerman, n
german-x-2012-05-30, nynorsk, oriya, panjabi, pinyin, polish, portuguese, roman
ian, russian, sanskrit, serbian, slovak, slovenian, spanish, swedish, swissgerm
an, tamil, telugu, turkish, turkmen, ukenglish, ukrainian, uppersorbian, usengl
ishmax, welsh, loaded.
("C:\Program Files\MiKTeX 2.9\tex\latex\base\article.cls"
Document Class: article 2007/10/19 v1.4h Standard LaTeX document class
("C:\Program Files\MiKTeX 2.9\tex\latex\base\size11.clo"
File: size11.clo 2007/10/19 v1.4h Standard LaTeX file (size option)
)
\c@part=\count79
\c@section=\count80
\c@subsection=\count81
\c@subsubsection=\count82
\c@paragraph=\count83
\c@subparagraph=\count84
\c@figure=\count85
\c@table=\count86
\abovecaptionskip=\skip41
\belowcaptionskip=\skip42
\bibindent=\dimen102
)
("C:\Program Files\MiKTeX 2.9\tex\latex\graphics\graphicx.sty"
Package: graphicx 1999/02/16 v1.0f Enhanced LaTeX Graphics (DPC,SPQR)

("C:\Program Files\MiKTeX 2.9\tex\latex\graphics\keyval.sty"
Package: keyval 1999/03/16 v1.13 key=value parser (DPC)
\KV@toks@=\toks14
)
("C:\Program Files\MiKTeX 2.9\tex\latex\graphics\graphics.sty"
Package: graphics 2009/02/05 v1.0o Standard LaTeX Graphics (DPC,SPQR)

("C:\Program Files\MiKTeX 2.9\tex\latex\graphics\trig.sty"
Package: trig 1999/03/16 v1.09 sin cos tan (DPC)
)
("C:\Program Files\MiKTeX 2.9\tex\latex\00miktex\graphics.cfg"
File: graphics.cfg 2007/01/18 v1.5 graphics configuration of teTeX/TeXLive
)
Package graphics Info: Driver file: pdftex.def on input line 91.

("C:\Program Files\MiKTeX 2.9\tex\latex\pdftex-def\pdftex.def"
File: pdftex.def 2011/05/27 v0.06d Graphics/color for pdfTeX

("C:\Program Files\MiKTeX 2.9\tex\generic\oberdiek\infwarerr.sty"
Package: infwarerr 2010/04/08 v1.3 Providing info/warning/error messages (HO)
)
("C:\Program Files\MiKTeX 2.9\tex\generic\oberdiek\ltxcmds.sty"
Package: ltxcmds 2011/11/09 v1.22 LaTeX kernel commands for general use (HO)
)
\Gread@gobject=\count87
))
\Gin@req@height=\dimen103
\Gin@req@width=\dimen104
)
("C:\Program Files\MiKTeX 2.9\tex\latex\amsmath\amsmath.sty"
Package: amsmath 2013/01/14 v2.14 AMS math features
\@mathmargin=\skip43

For additional information on amsmath, use the `?' option.
("C:\Program Files\MiKTeX 2.9\tex\latex\amsmath\amstext.sty"
Package: amstext 2000/06/29 v2.01

("C:\Program Files\MiKTeX 2.9\tex\latex\amsmath\amsgen.sty"
File: amsgen.sty 1999/11/30 v2.0
\@emptytoks=\toks15
\ex@=\dimen105
))
("C:\Program Files\MiKTeX 2.9\tex\latex\amsmath\amsbsy.sty"
Package: amsbsy 1999/11/29 v1.2d
\pmbraise@=\dimen106
)
("C:\Program Files\MiKTeX 2.9\tex\latex\amsmath\amsopn.sty"
Package: amsopn 1999/12/14 v2.01 operator names
)
\inf@bad=\count88
LaTeX Info: Redefining \frac on input line 210.
\uproot@=\count89
\leftroot@=\count90
LaTeX Info: Redefining \overline on input line 306.
\classnum@=\count91
\DOTSCASE@=\count92
LaTeX Info: Redefining \ldots on input line 378.
LaTeX Info: Redefining \dots on input line 381.
LaTeX Info: Redefining \cdots on input line 466.
\Mathstrutbox@=\box26
\strutbox@=\box27
\big@size=\dimen107
LaTeX Font Info:    Redeclaring font encoding OML on input line 566.
LaTeX Font Info:    Redeclaring font encoding OMS on input line 567.
\macc@depth=\count93
\c@MaxMatrixCols=\count94
\dotsspace@=\muskip10
\c@parentequation=\count95
\dspbrk@lvl=\count96
\tag@help=\toks16
\row@=\count97
\column@=\count98
\maxfields@=\count99
\andhelp@=\toks17
\eqnshift@=\dimen108
\alignsep@=\dimen109
\tagshift@=\dimen110
\tagwidth@=\dimen111
\totwidth@=\dimen112
\lineht@=\dimen113
\@envbody=\toks18
\multlinegap=\skip44
\multlinetaggap=\skip45
\mathdisplay@stack=\toks19
LaTeX Info: Redefining \[ on input line 2665.
LaTeX Info: Redefining \] on input line 2666.
)
("C:\Program Files\MiKTeX 2.9\tex\latex\oberdiek\epstopdf.sty"
Package: epstopdf 2010/02/09 v2.5 Conversion with epstopdf on the fly (HO)

("C:\Program Files\MiKTeX 2.9\tex\latex\oberdiek\epstopdf-base.sty"
Package: epstopdf-base 2010/02/09 v2.5 Base part for package epstopdf

("C:\Program Files\MiKTeX 2.9\tex\latex\oberdiek\grfext.sty"
Package: grfext 2010/08/19 v1.1 Manage graphics extensions (HO)

("C:\Program Files\MiKTeX 2.9\tex\generic\oberdiek\kvdefinekeys.sty"
Package: kvdefinekeys 2011/04/07 v1.3 Define keys (HO)
))
("C:\Program Files\MiKTeX 2.9\tex\latex\oberdiek\kvoptions.sty"
Package: kvoptions 2011/06/30 v3.11 Key value format for package options (HO)

("C:\Program Files\MiKTeX 2.9\tex\generic\oberdiek\kvsetkeys.sty"
Package: kvsetkeys 2012/04/25 v1.16 Key value parser (HO)

("C:\Program Files\MiKTeX 2.9\tex\generic\oberdiek\etexcmds.sty"
Package: etexcmds 2011/02/16 v1.5 Avoid name clashes with e-TeX commands (HO)

("C:\Program Files\MiKTeX 2.9\tex\generic\oberdiek\ifluatex.sty"
Package: ifluatex 2010/03/01 v1.3 Provides the ifluatex switch (HO)
Package ifluatex Info: LuaTeX not detected.
)
Package etexcmds Info: Could not find \expanded.
(etexcmds)             That can mean that you are not using pdfTeX 1.50 or
(etexcmds)             that some package has redefined \expanded.
(etexcmds)             In the latter case, load this package earlier.
)))
("C:\Program Files\MiKTeX 2.9\tex\generic\oberdiek\pdftexcmds.sty"
Package: pdftexcmds 2011/11/29 v0.20 Utility functions of pdfTeX for LuaTeX (HO
)

("C:\Program Files\MiKTeX 2.9\tex\generic\oberdiek\ifpdf.sty"
Package: ifpdf 2011/01/30 v2.3 Provides the ifpdf switch (HO)
Package ifpdf Info: pdfTeX in PDF mode is detected.
)
Package pdftexcmds Info: LuaTeX not detected.
Package pdftexcmds Info: \pdf@primitive is available.
Package pdftexcmds Info: \pdf@ifprimitive is available.
Package pdftexcmds Info: \pdfdraftmode found.
)
Package grfext Info: Graphics extension search list:
(grfext)             [.png,.pdf,.jpg,.mps,.jpeg,.jbig2,.jb2,.PNG,.PDF,.JPG,.JPE
G,.JBIG2,.JB2,.eps]
(grfext)             \AppendGraphicsExtensions on input line 452.
))
("C:\Program Files\MiKTeX 2.9\tex\latex\floatrow\floatrow.sty"
Package: floatrow 2008/08/02 v0.3b floatrow: float package extension

("C:\Program Files\MiKTeX 2.9\tex\latex\caption\caption3.sty"
Package: caption3 2013/05/02 v1.6-88 caption3 kernel (AR)
Package caption3 Info: TeX engine: e-TeX on input line 57.
\captionmargin=\dimen114
\captionmargin@=\dimen115
\captionwidth=\dimen116
\caption@tempdima=\dimen117
\caption@indent=\dimen118
\caption@parindent=\dimen119
\caption@hangindent=\dimen120
)
\c@float@type=\count100
\float@exts=\toks20
\float@box=\box28
\@floatcapt=\box29
Package floatrow Info: Modified float package code loaded on input line 455.
Package floatrow Info: Modified rotfloat package code loaded on input line 473.

\FR@everyfloat=\toks21
\flrow@foot=\insert233
\FB@wd=\dimen121
\FBo@wd=\dimen122
\FBc@wd=\dimen123
\FBo@ht=\skip46
\FBc@ht=\skip47
\FBf@ht=\skip48
\FBo@max=\skip49
\FBc@max=\skip50
\FBf@max=\skip51
\c@FBl@b=\count101
\floatbox@depth=\count102
\c@FRobj=\count103
\c@FRsobj=\count104
\Xhsize=\skip52
\sXhsize=\skip53
\Zhsize=\skip54
\sZhsize=\skip55
\flrow@rowbox=\box30
\FR@Zunitlength=\dimen124
\c@FBcnt=\count105
\FPOScnt=\count106
\LTleft=\skip56
\LTright=\skip57
\LTleft=\skip58
\LTright=\skip59
\flrow@types=\toks22
)
("C:\Program Files\MiKTeX 2.9\tex\latex\base\fontenc.sty"
Package: fontenc 2005/09/27 v1.99g Standard LaTeX package

("C:\Program Files\MiKTeX 2.9\tex\latex\base\t1enc.def"
File: t1enc.def 2005/09/27 v1.99g Standard LaTeX file
LaTeX Font Info:    Redeclaring font encoding T1 on input line 43.
))
("C:\Program Files\MiKTeX 2.9\tex\latex\cite\cite.sty"
LaTeX Info: Redefining \cite on input line 302.
LaTeX Info: Redefining \nocite on input line 373.
Package: cite 2010/09/10  v 5.3
)
("C:\Program Files\MiKTeX 2.9\tex\latex\filecontents\filecontents.sty"
Package: filecontents 2011/10/08 v1.3 Create an external file from within a LaT
eX document
)
("C:\Program Files\MiKTeX 2.9\tex\latex\base\fix-cm.sty"
Package: fix-cm 2006/09/13 v1.1m fixes to LaTeX

("C:\Program Files\MiKTeX 2.9\tex\latex\base\ts1enc.def"
File: ts1enc.def 2001/06/05 v3.0e (jk/car/fm) Standard LaTeX file
))
\c@theorem=\count107
\c@thm=\count108

("D:\Work\Papers\Mai Journal\KGpart\Knowledge_Gain.aux"

LaTeX Warning: Label `fig:KGEncounter' multiply defined.

)
LaTeX Font Info:    Checking defaults for OML/cmm/m/it on input line 41.
LaTeX Font Info:    ... okay on input line 41.
LaTeX Font Info:    Checking defaults for T1/cmr/m/n on input line 41.
LaTeX Font Info:    ... okay on input line 41.
LaTeX Font Info:    Checking defaults for OT1/cmr/m/n on input line 41.
LaTeX Font Info:    ... okay on input line 41.
LaTeX Font Info:    Checking defaults for OMS/cmsy/m/n on input line 41.
LaTeX Font Info:    ... okay on input line 41.
LaTeX Font Info:    Checking defaults for OMX/cmex/m/n on input line 41.
LaTeX Font Info:    ... okay on input line 41.
LaTeX Font Info:    Checking defaults for U/cmr/m/n on input line 41.
LaTeX Font Info:    ... okay on input line 41.
LaTeX Font Info:    Checking defaults for TS1/cmr/m/n on input line 41.
LaTeX Font Info:    ... okay on input line 41.
 ("C:\Program Files\MiKTeX 2.9\tex\context\base\supp-pdf.mkii"
[Loading MPS to PDF converter (version 2006.09.02).]
\scratchcounter=\count109
\scratchdimen=\dimen125
\scratchbox=\box31
\nofMPsegments=\count110
\nofMParguments=\count111
\everyMPshowfont=\toks23
\MPscratchCnt=\count112
\MPscratchDim=\dimen126
\MPnumerator=\count113
\makeMPintoPDFobject=\count114
\everyMPtoPDFconversion=\toks24
)
Package caption Info: Begin \AtBeginDocument code.
Package caption Info: End \AtBeginDocument code.
 ("C:\Program Files\MiKTeX 2.9\tex\latex\graphics\color.sty"
Package: color 2005/11/14 v1.0j Standard LaTeX Color (DPC)

("C:\Program Files\MiKTeX 2.9\tex\latex\00miktex\color.cfg"
File: color.cfg 2007/01/18 v1.5 color configuration of teTeX/TeXLive
)
Package color Info: Driver file: pdftex.def on input line 130.
)
Overfull \hbox (30.07973pt too wide) in paragraph at lines 61--61
 [][] 
 []

[1

{C:/ProgramData/MiKTeX/2.9/pdftex/config/pdftex.map}] [2]
LaTeX Font Info:    Try loading font information for OMS+cmr on input line 86.

("C:\Program Files\MiKTeX 2.9\tex\latex\base\omscmr.fd"
File: omscmr.fd 1999/05/25 v2.5h Standard LaTeX font definitions
)
LaTeX Font Info:    Font shape `OMS/cmr/m/n' in size <10.95> not available
(Font)              Font shape `OMS/cmsy/m/n' tried instead on input line 86.
 [3]
<figures_png/vennSimple.png, id=27, 196.93575pt x 155.98276pt>
File: figures_png/vennSimple.png Graphic file (type png)

<use figures_png/vennSimple.png>
Package pdftex.def Info: figures_png/vennSimple.png used on input line 114.
(pdftex.def)             Requested size: 284.56685pt x 199.18599pt.
 [4]
Underfull \hbox (badness 10000) in paragraph at lines 127--130

 []

[5 <D:/Work/Papers/Mai Journal/KGpart/figures_png/vennSimple.png>] [6]
Underfull \hbox (badness 10000) in paragraph at lines 149--152

 []


Underfull \hbox (badness 10000) in paragraph at lines 159--160

 []

[7] <figures_png/SSHPNet.png, id=44, 317.68687pt x 283.81032pt>
File: figures_png/SSHPNet.png Graphic file (type png)

<use figures_png/SSHPNet.png>
Package pdftex.def Info: figures_png/SSHPNet.png used on input line 168.
(pdftex.def)             Requested size: 284.55338pt x 199.17686pt.

Underfull \hbox (badness 10000) in paragraph at lines 174--176

 []


Underfull \hbox (badness 10000) in paragraph at lines 176--177

 []

[8 <D:/Work/Papers/Mai Journal/KGpart/figures_png/SSHPNet.png>]
Underfull \hbox (badness 10000) in paragraph at lines 179--181

 []


Underfull \hbox (badness 10000) in paragraph at lines 182--184

 []


Underfull \hbox (badness 10000) in paragraph at lines 187--190

 []

[9]
Underfull \hbox (badness 10000) in paragraph at lines 195--198

 []

[10]
Overfull \hbox (13.41862pt too wide) in paragraph at lines 241--243
\T1/cmr/m/n/10.95 and we know from In-for-ma-tion the-ory that con-di-tion-ing 
can't in-crease the en-tropy so $\OML/cmm/m/it/10.95 H\OT1/cmr/m/n/10.95 ([]\OM
S/cmsy/m/n/10.95 j\OML/cmm/m/it/10.95 X; []; Y\OT1/cmr/m/n/10.95 ) \OMS/cmsy/m/
n/10.95 $
 []

<figures_png/SSHP(MO1).png, id=56, 362.10281pt x 341.77687pt>
File: figures_png/SSHP(MO1).png Graphic file (type png)

<use figures_png/SSHP(MO1).png>
Package pdftex.def Info: figures_png/SSHP(MO1).png used on input line 248.
(pdftex.def)             Requested size: 284.53311pt x 199.17465pt.

<figures_png/SSHP(MO2).png, id=57, 365.11406pt x 328.22626pt>
File: figures_png/SSHP(MO2).png Graphic file (type png)

<use figures_png/SSHP(MO2).png>
Package pdftex.def Info: figures_png/SSHP(MO2).png used on input line 254.
(pdftex.def)             Requested size: 284.53711pt x 199.17097pt.

Overfull \hbox (7.17368pt too wide) in paragraph at lines 245--258
\T1/cmr/m/it/10.95 Example: \T1/cmr/m/n/10.95 As an ex-am-ple on speed-ing up t
he achiev-abil-ity, let's en-vi-sion a net-work of $\OT1/cmr/m/n/10.95 4$ \T1/c
mr/m/n/10.95 users: $\OML/cmm/m/it/10.95 X[]; X[]; X[]; X[]$
 []

[11] [12 <D:/Work/Papers/Mai Journal/KGpart/figures_png/SSHP(MO1).png> <D:/Work
/Papers/Mai Journal/KGpart/figures_png/SSHP(MO2).png>]
Underfull \hbox (badness 10000) in paragraph at lines 269--271

 []

<figures_png/SMHP(MO).png, id=66, 307.1475pt x 250.68657pt>
File: figures_png/SMHP(MO).png Graphic file (type png)

<use figures_png/SMHP(MO).png>
Package pdftex.def Info: figures_png/SMHP(MO).png used on input line 274.
(pdftex.def)             Requested size: 284.54753pt x 199.1801pt.
 [13]
Underfull \hbox (badness 10000) in paragraph at lines 285--286

 []

[14 <D:/Work/Papers/Mai Journal/KGpart/figures_png/SMHP(MO).png>]
Package epstopdf Info: Source file: <figures_eps/B00_SSHOP.eps>
(epstopdf)                    date: 2013-12-16 20:08:48
(epstopdf)                    size: 11425 bytes
(epstopdf)             Output file: <figures_eps/B00_SSHOP-eps-converted-to.pdf
>
(epstopdf)                    date: 2013-12-16 22:06:12
(epstopdf)                    size: 4133 bytes
(epstopdf)             Command: <epstopdf --outfile=figures_eps/B00_SSHOP-eps-c
onverted-to.pdf figures_eps/B00_SSHOP.eps>
(epstopdf)             \includegraphics on input line 302.
Package epstopdf Info: Output file is already uptodate.

<figures_eps/B00_SSHOP-eps-converted-to.pdf, id=75, 1027.84pt x 490.83376pt>
File: figures_eps/B00_SSHOP-eps-converted-to.pdf Graphic file (type pdf)

<use figures_eps/B00_SSHOP-eps-converted-to.pdf>
Package pdftex.def Info: figures_eps/B00_SSHOP-eps-converted-to.pdf used on inp
ut line 302.
(pdftex.def)             Requested size: 426.79659pt x 227.62119pt.
Package epstopdf Info: Source file: <figures_eps/B02_SSHOP.eps>
(epstopdf)                    date: 2013-12-16 20:20:34
(epstopdf)                    size: 11418 bytes
(epstopdf)             Output file: <figures_eps/B02_SSHOP-eps-converted-to.pdf
>
(epstopdf)                    date: 2013-12-16 22:06:13
(epstopdf)                    size: 4139 bytes
(epstopdf)             Command: <epstopdf --outfile=figures_eps/B02_SSHOP-eps-c
onverted-to.pdf figures_eps/B02_SSHOP.eps>
(epstopdf)             \includegraphics on input line 307.
Package epstopdf Info: Output file is already uptodate.

<figures_eps/B02_SSHOP-eps-converted-to.pdf, id=76, 1027.84pt x 490.83376pt>
File: figures_eps/B02_SSHOP-eps-converted-to.pdf Graphic file (type pdf)

<use figures_eps/B02_SSHOP-eps-converted-to.pdf>
Package pdftex.def Info: figures_eps/B02_SSHOP-eps-converted-to.pdf used on inp
ut line 307.
(pdftex.def)             Requested size: 426.79659pt x 227.62119pt.
Package epstopdf Info: Source file: <figures_eps/D00_SSHOP.eps>
(epstopdf)                    date: 2013-12-16 20:33:40
(epstopdf)                    size: 11724 bytes
(epstopdf)             Output file: <figures_eps/D00_SSHOP-eps-converted-to.pdf
>
(epstopdf)                    date: 2013-12-16 22:06:14
(epstopdf)                    size: 4227 bytes
(epstopdf)             Command: <epstopdf --outfile=figures_eps/D00_SSHOP-eps-c
onverted-to.pdf figures_eps/D00_SSHOP.eps>
(epstopdf)             \includegraphics on input line 312.
Package epstopdf Info: Output file is already uptodate.

<figures_eps/D00_SSHOP-eps-converted-to.pdf, id=77, 1027.84pt x 490.83376pt>
File: figures_eps/D00_SSHOP-eps-converted-to.pdf Graphic file (type pdf)

<use figures_eps/D00_SSHOP-eps-converted-to.pdf>
Package pdftex.def Info: figures_eps/D00_SSHOP-eps-converted-to.pdf used on inp
ut line 312.
(pdftex.def)             Requested size: 426.79659pt x 227.62119pt.
Package epstopdf Info: Source file: <figures_eps/B00_SSHOP_MO.eps>
(epstopdf)                    date: 2013-12-17 05:06:54
(epstopdf)                    size: 11437 bytes
(epstopdf)             Output file: <figures_eps/B00_SSHOP_MO-eps-converted-to.
pdf>
(epstopdf)                    date: 2013-12-17 06:44:16
(epstopdf)                    size: 4068 bytes
(epstopdf)             Command: <epstopdf --outfile=figures_eps/B00_SSHOP_MO-ep
s-converted-to.pdf figures_eps/B00_SSHOP_MO.eps>
(epstopdf)             \includegraphics on input line 322.
Package epstopdf Info: Output file is already uptodate.

<figures_eps/B00_SSHOP_MO-eps-converted-to.pdf, id=78, 1027.84pt x 490.83376pt>
File: figures_eps/B00_SSHOP_MO-eps-converted-to.pdf Graphic file (type pdf)
<use figures_eps/B00_SSHOP_MO-eps-converted-to.pdf>
Package pdftex.def Info: figures_eps/B00_SSHOP_MO-eps-converted-to.pdf used on 
input line 322.
(pdftex.def)             Requested size: 426.79659pt x 227.62119pt.
Package epstopdf Info: Source file: <figures_eps/B04_SSHOP_MO.eps>
(epstopdf)                    date: 2013-12-17 05:32:43
(epstopdf)                    size: 11438 bytes
(epstopdf)             Output file: <figures_eps/B04_SSHOP_MO-eps-converted-to.
pdf>
(epstopdf)                    date: 2013-12-17 06:44:17
(epstopdf)                    size: 4066 bytes
(epstopdf)             Command: <epstopdf --outfile=figures_eps/B04_SSHOP_MO-ep
s-converted-to.pdf figures_eps/B04_SSHOP_MO.eps>
(epstopdf)             \includegraphics on input line 328.
Package epstopdf Info: Output file is already uptodate.

<figures_eps/B04_SSHOP_MO-eps-converted-to.pdf, id=79, 1027.84pt x 490.83376pt>
File: figures_eps/B04_SSHOP_MO-eps-converted-to.pdf Graphic file (type pdf)
<use figures_eps/B04_SSHOP_MO-eps-converted-to.pdf>
Package pdftex.def Info: figures_eps/B04_SSHOP_MO-eps-converted-to.pdf used on 
input line 328.
(pdftex.def)             Requested size: 426.79659pt x 227.62119pt.
Package epstopdf Info: Source file: <figures_eps/D03_SSHOP_MO.eps>
(epstopdf)                    date: 2013-12-17 06:02:13
(epstopdf)                    size: 11740 bytes
(epstopdf)             Output file: <figures_eps/D03_SSHOP_MO-eps-converted-to.
pdf>
(epstopdf)                    date: 2013-12-17 06:44:17
(epstopdf)                    size: 4166 bytes
(epstopdf)             Command: <epstopdf --outfile=figures_eps/D03_SSHOP_MO-ep
s-converted-to.pdf figures_eps/D03_SSHOP_MO.eps>
(epstopdf)             \includegraphics on input line 334.
Package epstopdf Info: Output file is already uptodate.

<figures_eps/D03_SSHOP_MO-eps-converted-to.pdf, id=80, 1027.84pt x 490.83376pt>
File: figures_eps/D03_SSHOP_MO-eps-converted-to.pdf Graphic file (type pdf)
<use figures_eps/D03_SSHOP_MO-eps-converted-to.pdf>
Package pdftex.def Info: figures_eps/D03_SSHOP_MO-eps-converted-to.pdf used on 
input line 334.
(pdftex.def)             Requested size: 426.79659pt x 227.62119pt.
Package epstopdf Info: Source file: <figures_eps/B00_SMHOP.eps>
(epstopdf)                    date: 2013-12-17 04:18:14
(epstopdf)                    size: 11440 bytes
(epstopdf)             Output file: <figures_eps/B00_SMHOP-eps-converted-to.pdf
>
(epstopdf)                    date: 2013-12-17 05:47:15
(epstopdf)                    size: 4075 bytes
(epstopdf)             Command: <epstopdf --outfile=figures_eps/B00_SMHOP-eps-c
onverted-to.pdf figures_eps/B00_SMHOP.eps>
(epstopdf)             \includegraphics on input line 344.
Package epstopdf Info: Output file is already uptodate.

<figures_eps/B00_SMHOP-eps-converted-to.pdf, id=81, 1027.84pt x 490.83376pt>
File: figures_eps/B00_SMHOP-eps-converted-to.pdf Graphic file (type pdf)

<use figures_eps/B00_SMHOP-eps-converted-to.pdf>
Package pdftex.def Info: figures_eps/B00_SMHOP-eps-converted-to.pdf used on inp
ut line 344.
(pdftex.def)             Requested size: 426.79659pt x 227.62119pt.
Package epstopdf Info: Source file: <figures_eps/B06_SMHOP.eps>
(epstopdf)                    date: 2013-12-17 04:27:16
(epstopdf)                    size: 11418 bytes
(epstopdf)             Output file: <figures_eps/B06_SMHOP-eps-converted-to.pdf
>
(epstopdf)                    date: 2013-12-17 05:47:15
(epstopdf)                    size: 4063 bytes
(epstopdf)             Command: <epstopdf --outfile=figures_eps/B06_SMHOP-eps-c
onverted-to.pdf figures_eps/B06_SMHOP.eps>
(epstopdf)             \includegraphics on input line 349.
Package epstopdf Info: Output file is already uptodate.

<figures_eps/B06_SMHOP-eps-converted-to.pdf, id=82, 1027.84pt x 490.83376pt>
File: figures_eps/B06_SMHOP-eps-converted-to.pdf Graphic file (type pdf)

<use figures_eps/B06_SMHOP-eps-converted-to.pdf>
Package pdftex.def Info: figures_eps/B06_SMHOP-eps-converted-to.pdf used on inp
ut line 349.
(pdftex.def)             Requested size: 426.79659pt x 227.62119pt.
Package epstopdf Info: Source file: <figures_eps/D00_SMHOP.eps>
(epstopdf)                    date: 2013-12-17 04:22:21
(epstopdf)                    size: 11720 bytes
(epstopdf)             Output file: <figures_eps/D00_SMHOP-eps-converted-to.pdf
>
(epstopdf)                    date: 2013-12-17 05:47:16
(epstopdf)                    size: 4167 bytes
(epstopdf)             Command: <epstopdf --outfile=figures_eps/D00_SMHOP-eps-c
onverted-to.pdf figures_eps/D00_SMHOP.eps>
(epstopdf)             \includegraphics on input line 355.
Package epstopdf Info: Output file is already uptodate.

<figures_eps/D00_SMHOP-eps-converted-to.pdf, id=83, 1027.84pt x 490.83376pt>
File: figures_eps/D00_SMHOP-eps-converted-to.pdf Graphic file (type pdf)

<use figures_eps/D00_SMHOP-eps-converted-to.pdf>
Package pdftex.def Info: figures_eps/D00_SMHOP-eps-converted-to.pdf used on inp
ut line 355.
(pdftex.def)             Requested size: 426.79659pt x 227.62119pt.
 [15] [16 <D:/Work/Papers/Mai Journal/KGpart/figures_eps/B00_SSHOP-eps-converte
d-to.pdf> <D:/Work/Papers/Mai Journal/KGpart/figures_eps/B02_SSHOP-eps-converte
d-to.pdf>] [17 <D:/Work/Papers/Mai Journal/KGpart/figures_eps/D00_SSHOP-eps-con
verted-to.pdf> <D:/Work/Papers/Mai Journal/KGpart/figures_eps/B00_SSHOP_MO-eps-
converted-to.pdf>] [18 <D:/Work/Papers/Mai Journal/KGpart/figures_eps/B04_SSHOP
_MO-eps-converted-to.pdf> <D:/Work/Papers/Mai Journal/KGpart/figures_eps/D03_SS
HOP_MO-eps-converted-to.pdf>]
[19 <D:/Work/Papers/Mai Journal/KGpart/figures_eps/B00_SMHOP-eps-converted-to.p
df> <D:/Work/Papers/Mai Journal/KGpart/figures_eps/B06_SMHOP-eps-converted-to.p
df>]
Package epstopdf Info: Source file: <figures_eps/B00_SMHOP_MO.eps>
(epstopdf)                    date: 2013-12-17 16:48:41
(epstopdf)                    size: 11437 bytes
(epstopdf)             Output file: <figures_eps/B00_SMHOP_MO-eps-converted-to.
pdf>
(epstopdf)                    date: 2013-12-17 16:59:09
(epstopdf)                    size: 4070 bytes
(epstopdf)             Command: <epstopdf --outfile=figures_eps/B00_SMHOP_MO-ep
s-converted-to.pdf figures_eps/B00_SMHOP_MO.eps>
(epstopdf)             \includegraphics on input line 364.
Package epstopdf Info: Output file is already uptodate.

<figures_eps/B00_SMHOP_MO-eps-converted-to.pdf, id=124, 1027.84pt x 490.83376pt
>
File: figures_eps/B00_SMHOP_MO-eps-converted-to.pdf Graphic file (type pdf)
 <use figures_eps/B00_SMHOP_MO-eps-converted-to.pdf>
Package pdftex.def Info: figures_eps/B00_SMHOP_MO-eps-converted-to.pdf used on 
input line 364.
(pdftex.def)             Requested size: 426.79659pt x 227.62119pt.
Package epstopdf Info: Source file: <figures_eps/B06_SMHOP_MO.eps>
(epstopdf)                    date: 2013-12-17 16:51:37
(epstopdf)                    size: 11434 bytes
(epstopdf)             Output file: <figures_eps/B06_SMHOP_MO-eps-converted-to.
pdf>
(epstopdf)                    date: 2013-12-17 16:59:09
(epstopdf)                    size: 4064 bytes
(epstopdf)             Command: <epstopdf --outfile=figures_eps/B06_SMHOP_MO-ep
s-converted-to.pdf figures_eps/B06_SMHOP_MO.eps>
(epstopdf)             \includegraphics on input line 371.
Package epstopdf Info: Output file is already uptodate.

<figures_eps/B06_SMHOP_MO-eps-converted-to.pdf, id=125, 1027.84pt x 490.83376pt
>
File: figures_eps/B06_SMHOP_MO-eps-converted-to.pdf Graphic file (type pdf)
 <use figures_eps/B06_SMHOP_MO-eps-converted-to.pdf>
Package pdftex.def Info: figures_eps/B06_SMHOP_MO-eps-converted-to.pdf used on 
input line 371.
(pdftex.def)             Requested size: 426.79659pt x 227.62119pt.
Package epstopdf Info: Source file: <figures_eps/D00_SMHOP_MO.eps>
(epstopdf)                    date: 2013-12-17 16:53:35
(epstopdf)                    size: 11740 bytes
(epstopdf)             Output file: <figures_eps/D00_SMHOP_MO-eps-converted-to.
pdf>
(epstopdf)                    date: 2013-12-17 16:59:09
(epstopdf)                    size: 4170 bytes
(epstopdf)             Command: <epstopdf --outfile=figures_eps/D00_SMHOP_MO-ep
s-converted-to.pdf figures_eps/D00_SMHOP_MO.eps>
(epstopdf)             \includegraphics on input line 378.
Package epstopdf Info: Output file is already uptodate.

<figures_eps/D00_SMHOP_MO-eps-converted-to.pdf, id=126, 1027.84pt x 490.83376pt
>
File: figures_eps/D00_SMHOP_MO-eps-converted-to.pdf Graphic file (type pdf)
 <use figures_eps/D00_SMHOP_MO-eps-converted-to.pdf>
Package pdftex.def Info: figures_eps/D00_SMHOP_MO-eps-converted-to.pdf used on 
input line 378.
(pdftex.def)             Requested size: 426.79659pt x 227.62119pt.
 [20 <D:/Work/Papers/Mai Journal/KGpart/figures_eps/D00_SMHOP-eps-converted-to.
pdf>] [21 <D:/Work/Papers/Mai Journal/KGpart/figures_eps/B00_SMHOP_MO-eps-conve
rted-to.pdf> <D:/Work/Papers/Mai Journal/KGpart/figures_eps/B06_SMHOP_MO-eps-co
nverted-to.pdf>] [22 <D:/Work/Papers/Mai Journal/KGpart/figures_eps/D00_SMHOP_M
O-eps-converted-to.pdf>]
Underfull \hbox (badness 10000) in paragraph at lines 393--396

 []


Underfull \hbox (badness 10000) in paragraph at lines 399--400

 []

("D:\Work\Papers\Mai Journal\KGpart\Knowledge_Gain.bbl" [23]
Underfull \hbox (badness 6859) in paragraph at lines 44--47
[]\T1/cmr/m/n/10.95 J. Scott, R. Gass, J. Crowcroft, P. Hui, C. Diot, and A. Ch
ain-treau, ``CRAW-
 []


Underfull \hbox (badness 10000) in paragraph at lines 44--47
\T1/cmr/m/n/10.95 DAD trace set cam-bridge/haggle/imote (v. 2009-05-29),'' Down
-loaded from
 []

) [24] ("D:\Work\Papers\Mai Journal\KGpart\Knowledge_Gain.aux")

LaTeX Warning: There were multiply-defined labels.

 ) 
Here is how much of TeX's memory you used:
 4140 strings out of 493921
 63177 string characters out of 3147277
 116523 words of memory out of 3000000
 7347 multiletter control sequences out of 15000+200000
 21225 words of font info for 51 fonts, out of 3000000 for 9000
 841 hyphenation exceptions out of 8191
 42i,13n,38p,1232b,350s stack positions out of 5000i,500n,10000p,200000b,50000s
 <C:\Users\telbatt\AppData\Local\MiKTeX\2.9\fonts\pk\ljfour\jknappen\ec\dpi65
7\ecbx1000.pk> <C:\Users\telbatt\AppData\Local\MiKTeX\2.9\fonts\pk\ljfour\jknap
pen\ec\dpi657\ecti1000.pk> <C:\Users\telbatt\AppData\Local\MiKTeX\2.9\fonts\pk\
ljfour\jknappen\ec\dpi600\ecbx1200.pk> <C:\Users\telbatt\AppData\Local\MiKTeX\2
.9\fonts\pk\ljfour\jknappen\ec\dpi600\ecrm0900.pk> <C:\Users\telbatt\AppData\Lo
cal\MiKTeX\2.9\fonts\pk\ljfour\jknappen\ec\dpi657\ecrm1000.pk> <C:\Users\telbat
t\AppData\Local\MiKTeX\2.9\fonts\pk\ljfour\jknappen\ec\dpi720\ecbx1200.pk> <C:\
Users\telbatt\AppData\Local\MiKTeX\2.9\fonts\pk\ljfour\jknappen\ec\dpi600\ecbx1
000.pk> <C:\Users\telbatt\AppData\Local\MiKTeX\2.9\fonts\pk\ljfour\jknappen\ec\
dpi600\ecrm1000.pk> <C:\Users\telbatt\AppData\Local\MiKTeX\2.9\fonts\pk\ljfour\
jknappen\ec\dpi600\ecrm1200.pk> <C:\Users\telbatt\AppData\Local\MiKTeX\2.9\font
s\pk\ljfour\jknappen\ec\dpi694\ecrm1728.pk><C:/Program Files/MiKTeX 2.9/fonts/t
ype1/public/amsfonts/cm/cmmi10.pfb><C:/Program Files/MiKTeX 2.9/fonts/type1/pub
lic/amsfonts/cm/cmmi7.pfb><C:/Program Files/MiKTeX 2.9/fonts/type1/public/amsfo
nts/cm/cmmi8.pfb><C:/Program Files/MiKTeX 2.9/fonts/type1/public/amsfonts/cm/cm
r10.pfb><C:/Program Files/MiKTeX 2.9/fonts/type1/public/amsfonts/cm/cmr8.pfb><C
:/Program Files/MiKTeX 2.9/fonts/type1/public/amsfonts/cm/cmsy10.pfb><C:/Progra
m Files/MiKTeX 2.9/fonts/type1/public/amsfonts/cm/cmsy6.pfb><C:/Program Files/M
iKTeX 2.9/fonts/type1/public/amsfonts/cm/cmsy7.pfb><C:/Program Files/MiKTeX 2.9
/fonts/type1/public/amsfonts/cm/cmsy8.pfb>
Output written on Knowledge_Gain.pdf (24 pages, 389140 bytes).
PDF statistics:
 582 PDF objects out of 1000 (max. 8388607)
 0 named destinations out of 1000 (max. 500000)
 86 words of extra memory for PDF output out of 10000 (max. 10000000)

